INFO Watching for file changes with StatReloader
System check identified some issues:

WARNINGS:
?: (urls.W005) URL namespace 'core' isn't unique. You may not be able to reverse all URLs in this namespace

System check identified 1 issue (0 silenced).
INFO /Users/emreuysal/Documents/Project/VivaCrm v2/admin_panel/views.py changed, reloading.
Performing system checks...

May 16, 2025 - 15:56:33
Django version 5.0.14, using settings 'core.settings'
Starting development server at http://127.0.0.1:8080/
Quit the server with CONTROL-C.

INFO Watching for file changes with StatReloader
System check identified some issues:

WARNINGS:
?: (urls.W005) URL namespace 'core' isn't unique. You may not be able to reverse all URLs in this namespace

System check identified 1 issue (0 silenced).
INFO /Users/emreuysal/Documents/Project/VivaCrm v2/products/views.py changed, reloading.
Performing system checks...

May 16, 2025 - 15:59:23
Django version 5.0.14, using settings 'core.settings'
Starting development server at http://127.0.0.1:8080/
Quit the server with CONTROL-C.

INFO Watching for file changes with StatReloader
System check identified some issues:

WARNINGS:
?: (urls.W005) URL namespace 'core' isn't unique. You may not be able to reverse all URLs in this namespace

System check identified 1 issue (0 silenced).
INFO /Users/emreuysal/Documents/Project/VivaCrm v2/orders/excel_validators.py changed, reloading.
Performing system checks...

May 16, 2025 - 16:18:48
Django version 5.0.14, using settings 'core.settings'
Starting development server at http://127.0.0.1:8080/
Quit the server with CONTROL-C.

INFO Watching for file changes with StatReloader
System check identified some issues:

WARNINGS:
?: (urls.W005) URL namespace 'core' isn't unique. You may not be able to reverse all URLs in this namespace

System check identified 1 issue (0 silenced).
INFO /Users/emreuysal/Documents/Project/VivaCrm v2/core/urls_import.py changed, reloading.
Performing system checks...

May 16, 2025 - 16:19:05
Django version 5.0.14, using settings 'core.settings'
Starting development server at http://127.0.0.1:8080/
Quit the server with CONTROL-C.

INFO Watching for file changes with StatReloader
INFO /Users/emreuysal/Documents/Project/VivaCrm v2/core/urls_validation.py changed, reloading.
Performing system checks...

System check identified no issues (0 silenced).
May 16, 2025 - 16:19:27
Django version 5.0.14, using settings 'core.settings'
Starting development server at http://127.0.0.1:8080/
Quit the server with CONTROL-C.

INFO Watching for file changes with StatReloader
INFO /Users/emreuysal/Documents/Project/VivaCrm v2/products/views.py changed, reloading.
Performing system checks...

System check identified no issues (0 silenced).
May 16, 2025 - 16:19:33
Django version 5.0.14, using settings 'core.settings'
Starting development server at http://127.0.0.1:8080/
Quit the server with CONTROL-C.

INFO Watching for file changes with StatReloader
INFO /Users/emreuysal/Documents/Project/VivaCrm v2/reports/services.py changed, reloading.
Performing system checks...

System check identified no issues (0 silenced).
May 16, 2025 - 16:20:28
Django version 5.0.14, using settings 'core.settings'
Starting development server at http://127.0.0.1:8080/
Quit the server with CONTROL-C.

INFO Watching for file changes with StatReloader
INFO /Users/emreuysal/Documents/Project/VivaCrm v2/reports/services.py changed, reloading.
Performing system checks...

System check identified no issues (0 silenced).
May 16, 2025 - 16:21:17
Django version 5.0.14, using settings 'core.settings'
Starting development server at http://127.0.0.1:8080/
Quit the server with CONTROL-C.

INFO Watching for file changes with StatReloader
INFO /Users/emreuysal/Documents/Project/VivaCrm v2/reports/services.py changed, reloading.
Performing system checks...

System check identified no issues (0 silenced).
May 16, 2025 - 16:21:32
Django version 5.0.14, using settings 'core.settings'
Starting development server at http://127.0.0.1:8080/
Quit the server with CONTROL-C.

INFO Watching for file changes with StatReloader
INFO /Users/emreuysal/Documents/Project/VivaCrm v2/orders/excel_validators.py changed, reloading.
Performing system checks...

System check identified no issues (0 silenced).
May 16, 2025 - 16:21:53
Django version 5.0.14, using settings 'core.settings'
Starting development server at http://127.0.0.1:8080/
Quit the server with CONTROL-C.

INFO Watching for file changes with StatReloader
INFO /Users/emreuysal/Documents/Project/VivaCrm v2/orders/excel_validators.py changed, reloading.
Performing system checks...

System check identified no issues (0 silenced).
May 16, 2025 - 16:24:22
Django version 5.0.14, using settings 'core.settings'
Starting development server at http://127.0.0.1:8080/
Quit the server with CONTROL-C.

INFO Watching for file changes with StatReloader
INFO /Users/emreuysal/Documents/Project/VivaCrm v2/orders/excel_validators.py changed, reloading.
Performing system checks...

System check identified no issues (0 silenced).
May 16, 2025 - 16:24:28
Django version 5.0.14, using settings 'core.settings'
Starting development server at http://127.0.0.1:8080/
Quit the server with CONTROL-C.

INFO Watching for file changes with StatReloader
INFO /Users/emreuysal/Documents/Project/VivaCrm v2/orders/excel_validators.py changed, reloading.
Performing system checks...

System check identified no issues (0 silenced).
May 16, 2025 - 16:24:42
Django version 5.0.14, using settings 'core.settings'
Starting development server at http://127.0.0.1:8080/
Quit the server with CONTROL-C.

INFO Watching for file changes with StatReloader
INFO /Users/emreuysal/Documents/Project/VivaCrm v2/orders/excel_validators.py changed, reloading.
Performing system checks...

System check identified no issues (0 silenced).
May 16, 2025 - 16:24:50
Django version 5.0.14, using settings 'core.settings'
Starting development server at http://127.0.0.1:8080/
Quit the server with CONTROL-C.

INFO Watching for file changes with StatReloader
INFO /Users/emreuysal/Documents/Project/VivaCrm v2/orders/excel_validators.py changed, reloading.
Performing system checks...

System check identified no issues (0 silenced).
May 16, 2025 - 16:25:08
Django version 5.0.14, using settings 'core.settings'
Starting development server at http://127.0.0.1:8080/
Quit the server with CONTROL-C.

INFO Watching for file changes with StatReloader
INFO /Users/emreuysal/Documents/Project/VivaCrm v2/orders/excel_validators.py changed, reloading.
Performing system checks...

System check identified no issues (0 silenced).
May 16, 2025 - 16:25:23
Django version 5.0.14, using settings 'core.settings'
Starting development server at http://127.0.0.1:8080/
Quit the server with CONTROL-C.

INFO Watching for file changes with StatReloader
INFO /Users/emreuysal/Documents/Project/VivaCrm v2/core/excel_errors.py changed, reloading.
Performing system checks...

System check identified no issues (0 silenced).
May 16, 2025 - 16:25:30
Django version 5.0.14, using settings 'core.settings'
Starting development server at http://127.0.0.1:8080/
Quit the server with CONTROL-C.

INFO Watching for file changes with StatReloader
INFO /Users/emreuysal/Documents/Project/VivaCrm v2/orders/excel_validators.py changed, reloading.
Performing system checks...

System check identified no issues (0 silenced).
May 16, 2025 - 16:27:01
Django version 5.0.14, using settings 'core.settings'
Starting development server at http://127.0.0.1:8080/
Quit the server with CONTROL-C.

INFO Watching for file changes with StatReloader
INFO /Users/emreuysal/Documents/Project/VivaCrm v2/orders/excel_validators.py changed, reloading.
Performing system checks...

System check identified no issues (0 silenced).
May 16, 2025 - 16:27:17
Django version 5.0.14, using settings 'core.settings'
Starting development server at http://127.0.0.1:8080/
Quit the server with CONTROL-C.

INFO Watching for file changes with StatReloader
INFO /Users/emreuysal/Documents/Project/VivaCrm v2/core/excel_errors.py changed, reloading.
Performing system checks...

System check identified no issues (0 silenced).
May 16, 2025 - 16:27:32
Django version 5.0.14, using settings 'core.settings'
Starting development server at http://127.0.0.1:8080/
Quit the server with CONTROL-C.

INFO Watching for file changes with StatReloader
INFO /Users/emreuysal/Documents/Project/VivaCrm v2/core/excel_errors.py changed, reloading.
Performing system checks...

System check identified no issues (0 silenced).
May 16, 2025 - 16:27:45
Django version 5.0.14, using settings 'core.settings'
Starting development server at http://127.0.0.1:8080/
Quit the server with CONTROL-C.

INFO Watching for file changes with StatReloader
INFO /Users/emreuysal/Documents/Project/VivaCrm v2/orders/views.py changed, reloading.
Performing system checks...

System check identified no issues (0 silenced).
May 16, 2025 - 16:28:05
Django version 5.0.14, using settings 'core.settings'
Starting development server at http://127.0.0.1:8080/
Quit the server with CONTROL-C.

INFO Watching for file changes with StatReloader
INFO /Users/emreuysal/Documents/Project/VivaCrm v2/orders/views.py changed, reloading.
Performing system checks...

System check identified no issues (0 silenced).
May 16, 2025 - 16:28:27
Django version 5.0.14, using settings 'core.settings'
Starting development server at http://127.0.0.1:8080/
Quit the server with CONTROL-C.

INFO Watching for file changes with StatReloader
INFO /Users/emreuysal/Documents/Project/VivaCrm v2/orders/views.py changed, reloading.
Performing system checks...

System check identified no issues (0 silenced).
May 16, 2025 - 16:28:36
Django version 5.0.14, using settings 'core.settings'
Starting development server at http://127.0.0.1:8080/
Quit the server with CONTROL-C.

INFO Watching for file changes with StatReloader
INFO /Users/emreuysal/Documents/Project/VivaCrm v2/core/excel_errors.py changed, reloading.
Performing system checks...

System check identified no issues (0 silenced).
May 16, 2025 - 16:28:41
Django version 5.0.14, using settings 'core.settings'
Starting development server at http://127.0.0.1:8080/
Quit the server with CONTROL-C.

INFO Watching for file changes with StatReloader
INFO /Users/emreuysal/Documents/Project/VivaCrm v2/customers/views.py changed, reloading.
Performing system checks...

System check identified no issues (0 silenced).
May 16, 2025 - 16:29:08
Django version 5.0.14, using settings 'core.settings'
Starting development server at http://127.0.0.1:8080/
Quit the server with CONTROL-C.

INFO Watching for file changes with StatReloader
INFO /Users/emreuysal/Documents/Project/VivaCrm v2/customers/views.py changed, reloading.
Performing system checks...

System check identified no issues (0 silenced).
May 16, 2025 - 16:33:18
Django version 5.0.14, using settings 'core.settings'
Starting development server at http://127.0.0.1:8080/
Quit the server with CONTROL-C.

INFO Watching for file changes with StatReloader
INFO /Users/emreuysal/Documents/Project/VivaCrm v2/customers/views.py changed, reloading.
Performing system checks...

System check identified no issues (0 silenced).
May 16, 2025 - 16:33:31
Django version 5.0.14, using settings 'core.settings'
Starting development server at http://127.0.0.1:8080/
Quit the server with CONTROL-C.

INFO Watching for file changes with StatReloader
Performing system checks...

System check identified no issues (0 silenced).
May 16, 2025 - 16:33:47
Django version 5.0.14, using settings 'core.settings'
Starting development server at http://127.0.0.1:8080/
Quit the server with CONTROL-C.

