INFO 2025-05-14 22:02:03,221 autoreload 45993 8662781056 Watching for file changes with StatReloader
INFO 2025-05-14 22:05:09,205 autoreload 50638 8662781056 Watching for file changes with StatReloader
INFO 2025-05-14 22:07:25,115 autoreload 53996 8662781056 Watching for file changes with StatReloader
INFO 2025-05-14 22:35:22,365 autoreload 98187 8662781056 Watching for file changes with StatReloader
INFO 2025-05-14 22:44:51,129 autoreload 13669 8662781056 Watching for file changes with StatReloader
INFO 2025-05-14 22:49:53,776 basehttp 13669 6198308864 "GET / HTTP/1.1" 302 0
INFO 2025-05-14 22:49:53,807 basehttp 13669 6198308864 "GET /dashboard/ HTTP/1.1" 302 0
INFO 2025-05-14 22:49:53,912 basehttp 13669 6198308864 "GET /accounts/login/?next=/dashboard/ HTTP/1.1" 200 11986
INFO 2025-05-14 22:49:53,973 basehttp 13669 6215135232 "GET /static/debug_toolbar/js/toolbar.js HTTP/1.1" 304 0
INFO 2025-05-14 22:49:53,974 basehttp 13669 6198308864 "GET /static/debug_toolbar/css/toolbar.css HTTP/1.1" 304 0
INFO 2025-05-14 22:49:54,525 basehttp 13669 6198308864 "GET /static/debug_toolbar/css/print.css HTTP/1.1" 304 0
INFO 2025-05-14 22:49:54,600 basehttp 13669 6198308864 "GET /static/debug_toolbar/js/utils.js HTTP/1.1" 304 0
WARNING 2025-05-14 22:49:54,632 basehttp 13669 6198308864 "GET /favicon.ico HTTP/1.1" 404 13312
INFO 2025-05-14 22:57:30,110 basehttp 13669 6198308864 "GET /accounts/login/?next=/dashboard/ HTTP/1.1" 200 11989
INFO 2025-05-14 22:57:31,441 basehttp 13669 6198308864 "GET /accounts/login/?next=/dashboard/ HTTP/1.1" 200 11990
INFO 2025-05-14 22:57:31,463 basehttp 13669 6215135232 "GET /static/debug_toolbar/js/toolbar.js HTTP/1.1" 200 13578
INFO 2025-05-14 22:57:31,464 basehttp 13669 6198308864 "GET /static/debug_toolbar/css/toolbar.css HTTP/1.1" 200 12621
INFO 2025-05-14 22:57:32,120 basehttp 13669 6198308864 "GET /static/debug_toolbar/css/print.css HTTP/1.1" 200 43
INFO 2025-05-14 22:57:32,124 basehttp 13669 6198308864 "GET /static/debug_toolbar/js/utils.js HTTP/1.1" 200 4527
WARNING 2025-05-14 22:57:32,153 basehttp 13669 6198308864 "GET /favicon.ico HTTP/1.1" 404 13314
INFO 2025-05-14 22:57:41,871 autoreload 34089 8662781056 Watching for file changes with StatReloader
INFO 2025-05-14 22:57:43,475 basehttp 34089 6124056576 "GET / HTTP/1.1" 302 0
INFO 2025-05-14 22:57:43,481 basehttp 34089 6124056576 "GET /dashboard/ HTTP/1.1" 302 0
INFO 2025-05-14 22:57:43,561 basehttp 34089 6124056576 "GET /accounts/login/?next=/dashboard/ HTTP/1.1" 200 11985
INFO 2025-05-14 22:58:12,751 basehttp 34089 6124056576 "GET /accounts/login/?next=/dashboard/ HTTP/1.1" 200 11989
INFO 2025-05-14 22:58:12,770 basehttp 34089 6124056576 "GET /static/debug_toolbar/css/toolbar.css HTTP/1.1" 200 12621
INFO 2025-05-14 22:58:12,771 basehttp 34089 6140882944 "GET /static/debug_toolbar/js/toolbar.js HTTP/1.1" 200 13578
INFO 2025-05-14 22:58:13,150 basehttp 34089 6124056576 "GET /static/debug_toolbar/css/print.css HTTP/1.1" 200 43
INFO 2025-05-14 22:58:13,156 basehttp 34089 6124056576 "GET /static/debug_toolbar/js/utils.js HTTP/1.1" 200 4527
WARNING 2025-05-14 22:58:13,191 basehttp 34089 6124056576 "GET /favicon.ico HTTP/1.1" 404 13314
INFO 2025-05-14 23:02:11,334 basehttp 34089 6124056576 "GET /accounts/login/?next=/dashboard/ HTTP/1.1" 200 12497
WARNING 2025-05-14 23:02:11,395 basehttp 34089 6124056576 "GET /accounts/login/css/dist/main.css HTTP/1.1" 404 15823
INFO 2025-05-14 23:02:13,675 basehttp 34089 6124056576 "GET /accounts/login/?next=/dashboard/ HTTP/1.1" 200 12495
INFO 2025-05-14 23:02:13,694 basehttp 34089 6124056576 "GET /static/debug_toolbar/css/toolbar.css HTTP/1.1" 200 12621
INFO 2025-05-14 23:02:13,695 basehttp 34089 6140882944 "GET /static/debug_toolbar/js/toolbar.js HTTP/1.1" 200 13578
WARNING 2025-05-14 23:02:13,707 basehttp 34089 6157709312 "GET /accounts/login/css/dist/main.css HTTP/1.1" 404 15823
INFO 2025-05-14 23:02:14,063 basehttp 34089 6157709312 "GET /static/debug_toolbar/css/print.css HTTP/1.1" 200 43
INFO 2025-05-14 23:02:14,081 basehttp 34089 6157709312 "GET /static/debug_toolbar/js/utils.js HTTP/1.1" 200 4527
WARNING 2025-05-14 23:02:14,110 basehttp 34089 6157709312 "GET /favicon.ico HTTP/1.1" 404 13314
WARNING 2025-05-14 23:02:17,288 basehttp 34089 6140882944 "GET /.well-known/appspecific/com.chrome.devtools.json HTTP/1.1" 404 13462
WARNING 2025-05-14 23:02:17,289 basehttp 34089 6124056576 "GET /accounts/login/css/dist/main.css HTTP/1.1" 404 15823
INFO 2025-05-14 23:02:17,290 basehttp 34089 6124056576 - Broken pipe from ('127.0.0.1', 58923)
INFO 2025-05-14 23:05:49,028 basehttp 34089 6124056576 "GET / HTTP/1.1" 302 0
INFO 2025-05-14 23:05:49,039 basehttp 34089 6124056576 "GET /dashboard/ HTTP/1.1" 302 0
INFO 2025-05-14 23:05:49,071 basehttp 34089 6124056576 "GET /accounts/login/?next=/dashboard/ HTTP/1.1" 200 12478
INFO 2025-05-14 23:05:49,144 basehttp 34089 6124056576 "GET /static/css/dist/main.css HTTP/1.1" 200 156713
INFO 2025-05-14 23:05:49,150 basehttp 34089 6140882944 "GET /static/js/lib/htmx.min.js HTTP/1.1" 200 47755
INFO 2025-05-14 23:05:49,153 basehttp 34089 6124056576 "GET /static/js/lib/alpine.min.js HTTP/1.1" 200 43838
INFO 2025-05-14 23:06:06,521 basehttp 34089 6124056576 "GET /accounts/register/ HTTP/1.1" 200 13852
INFO 2025-05-14 23:06:06,731 basehttp 34089 6124056576 "GET /__debug__/history_sidebar/?store_id=b5d8fb97cb3748a789a41adc170f583c HTTP/1.1" 200 9526
INFO 2025-05-14 23:06:08,983 basehttp 34089 6124056576 "GET /accounts/login/ HTTP/1.1" 200 12461
INFO 2025-05-14 23:06:09,198 basehttp 34089 6124056576 "GET /__debug__/history_sidebar/?store_id=22463f3b6d4e4213b3a2b4b0d4746506 HTTP/1.1" 200 9515
INFO 2025-05-14 23:06:17,570 basehttp 34089 6124056576 "GET /accounts/password-reset/ HTTP/1.1" 200 11950
INFO 2025-05-14 23:06:17,789 basehttp 34089 6124056576 "GET /__debug__/history_sidebar/?store_id=41109905b3fa402e87842f8fd02e1cf6 HTTP/1.1" 200 9544
INFO 2025-05-14 23:06:18,353 basehttp 34089 6124056576 "GET /accounts/login/ HTTP/1.1" 200 12459
INFO 2025-05-14 23:06:18,566 basehttp 34089 6124056576 "GET /__debug__/history_sidebar/?store_id=d03f24fa8874474586336e4221eae4ac HTTP/1.1" 200 9513
INFO 2025-05-14 23:06:19,085 basehttp 34089 6124056576 "GET /accounts/register/ HTTP/1.1" 200 13852
INFO 2025-05-14 23:06:19,297 basehttp 34089 6124056576 "GET /__debug__/history_sidebar/?store_id=bffdd14becce4ee8aae5ea4a2b6feed6 HTTP/1.1" 200 9526
INFO 2025-05-14 23:06:21,292 basehttp 34089 6124056576 "GET /accounts/login/ HTTP/1.1" 200 12461
INFO 2025-05-14 23:06:21,502 basehttp 34089 6124056576 "GET /__debug__/history_sidebar/?store_id=75b9d417abde44959bc7b458e200c02d HTTP/1.1" 200 9515
INFO 2025-05-14 23:08:26,209 basehttp 34089 6124056576 "POST /accounts/login/ HTTP/1.1" 200 12747
INFO 2025-05-14 23:08:26,415 basehttp 34089 6124056576 "GET /__debug__/history_sidebar/?store_id=c55a61d798194c8a8b0d4e5686a3fa38 HTTP/1.1" 200 9513
INFO 2025-05-14 23:14:45,115 basehttp 34089 6124056576 "GET /accounts/login/ HTTP/1.1" 200 12461
INFO 2025-05-14 23:14:45,147 basehttp 34089 6140882944 "GET /static/js/lib/htmx.min.js HTTP/1.1" 304 0
INFO 2025-05-14 23:14:45,150 basehttp 34089 6124056576 "GET /static/css/dist/main.css HTTP/1.1" 304 0
INFO 2025-05-14 23:14:45,160 basehttp 34089 6124056576 "GET /static/js/lib/alpine.min.js HTTP/1.1" 304 0
ERROR 2025-05-14 23:15:02,993 basehttp 34089 6124056576 "POST /accounts/login/ HTTP/1.1" 500 203604
INFO 2025-05-14 23:15:03,207 basehttp 34089 6124056576 "GET /__debug__/history_sidebar/?store_id=8c64967b26ac4f0c84c168a975e82d14 HTTP/1.1" 200 9473
ERROR 2025-05-14 23:15:05,660 basehttp 34089 6124056576 "POST /accounts/login/ HTTP/1.1" 500 203604
ERROR 2025-05-14 23:15:05,780 basehttp 34089 6124056576 "POST /accounts/login/ HTTP/1.1" 500 203604
INFO 2025-05-14 23:15:05,993 basehttp 34089 6124056576 "GET /__debug__/history_sidebar/?store_id=11e4f68f8d0c404d8b74bc01d1346238 HTTP/1.1" 200 9472
ERROR 2025-05-14 23:15:06,324 basehttp 34089 6124056576 "POST /accounts/login/ HTTP/1.1" 500 203602
INFO 2025-05-14 23:15:06,536 basehttp 34089 6124056576 "GET /__debug__/history_sidebar/?store_id=0015d2c41f744209b6bc7ddb16382374 HTTP/1.1" 200 9472
INFO 2025-05-14 23:15:07,441 basehttp 34089 6124056576 "GET /accounts/password-reset/ HTTP/1.1" 200 11950
INFO 2025-05-14 23:15:07,654 basehttp 34089 6124056576 "GET /__debug__/history_sidebar/?store_id=9c9b50c14eac452c9b4533b58cdbaa36 HTTP/1.1" 200 9544
INFO 2025-05-14 23:15:11,987 basehttp 34089 6124056576 "GET /accounts/login/ HTTP/1.1" 200 12461
INFO 2025-05-14 23:15:12,195 basehttp 34089 6124056576 "GET /__debug__/history_sidebar/?store_id=c17ec59d69514b44b570929c367c7a86 HTTP/1.1" 200 9515
INFO 2025-05-14 23:15:25,430 basehttp 34089 6124056576 "POST /accounts/login/ HTTP/1.1" 200 12752
INFO 2025-05-14 23:15:25,643 basehttp 34089 6124056576 "GET /__debug__/history_sidebar/?store_id=769067330efe490695e7c59cd6457972 HTTP/1.1" 200 9512
ERROR 2025-05-14 23:15:35,406 basehttp 34089 6124056576 "POST /accounts/login/ HTTP/1.1" 500 203604
INFO 2025-05-14 23:15:35,615 basehttp 34089 6124056576 "GET /__debug__/history_sidebar/?store_id=7baae7b2e4fe4b89853658015b4db714 HTTP/1.1" 200 9472
ERROR 2025-05-14 23:15:36,279 basehttp 34089 6124056576 "POST /accounts/login/ HTTP/1.1" 500 203604
ERROR 2025-05-14 23:15:36,436 basehttp 34089 6124056576 "POST /accounts/login/ HTTP/1.1" 500 203604
ERROR 2025-05-14 23:15:36,622 basehttp 34089 6124056576 "POST /accounts/login/ HTTP/1.1" 500 203602
ERROR 2025-05-14 23:15:36,726 basehttp 34089 6124056576 "POST /accounts/login/ HTTP/1.1" 500 203604
INFO 2025-05-14 23:15:36,940 basehttp 34089 6124056576 "GET /__debug__/history_sidebar/?store_id=f8dfadfa27a7476fb142cd12fdb9ccff HTTP/1.1" 200 9472
INFO 2025-05-14 23:16:52,016 autoreload 34089 8662781056 /Users/emreuysal/Documents/Project/VivaCrm v2/accounts/models.py changed, reloading.
INFO 2025-05-14 23:16:52,849 autoreload 64326 8662781056 Watching for file changes with StatReloader
INFO 2025-05-14 23:21:06,928 basehttp 64326 6161231872 "GET /accounts/login/ HTTP/1.1" 200 12463
INFO 2025-05-14 23:21:06,964 basehttp 64326 6161231872 "GET /static/css/dist/main.css HTTP/1.1" 304 0
INFO 2025-05-14 23:21:06,966 basehttp 64326 6178058240 "GET /static/js/lib/htmx.min.js HTTP/1.1" 304 0
INFO 2025-05-14 23:21:06,968 basehttp 64326 6161231872 "GET /static/js/lib/alpine.min.js HTTP/1.1" 304 0
INFO 2025-05-14 23:21:07,756 basehttp 64326 6161231872 "GET /accounts/login/ HTTP/1.1" 200 12465
INFO 2025-05-14 23:21:08,005 basehttp 64326 6161231872 "GET /accounts/login/ HTTP/1.1" 200 12463
INFO 2025-05-14 23:22:07,456 autoreload 64326 8662781056 /Users/emreuysal/Documents/Project/VivaCrm v2/accounts/forms.py changed, reloading.
INFO 2025-05-14 23:22:08,216 autoreload 72455 8662781056 Watching for file changes with StatReloader
INFO 2025-05-14 23:22:16,250 autoreload 72455 8662781056 /Users/emreuysal/Documents/Project/VivaCrm v2/accounts/urls.py changed, reloading.
INFO 2025-05-14 23:22:16,692 autoreload 72709 8662781056 Watching for file changes with StatReloader
INFO 2025-05-14 23:22:21,591 autoreload 72737 8662781056 Watching for file changes with StatReloader
ERROR 2025-05-14 23:22:38,409 basehttp 72709 6192377856 "POST /accounts/login/ HTTP/1.1" 500 203668
INFO 2025-05-14 23:22:38,623 basehttp 72709 6192377856 "GET /__debug__/history_sidebar/?store_id=ba185c3b2c784350ae0b89bb5ea1951d HTTP/1.1" 200 9473
ERROR 2025-05-14 23:22:40,420 basehttp 72709 6192377856 "POST /accounts/login/ HTTP/1.1" 500 203666
INFO 2025-05-14 23:22:40,634 basehttp 72709 6192377856 "GET /__debug__/history_sidebar/?store_id=a31ce28c2b31437999fe77dbe5e8c91b HTTP/1.1" 200 9472
ERROR 2025-05-14 23:22:41,450 basehttp 72709 6192377856 "POST /accounts/login/ HTTP/1.1" 500 203667
ERROR 2025-05-14 23:22:41,620 basehttp 72709 6192377856 "POST /accounts/login/ HTTP/1.1" 500 203667
ERROR 2025-05-14 23:22:41,768 basehttp 72709 6192377856 "POST /accounts/login/ HTTP/1.1" 500 203667
INFO 2025-05-14 23:22:41,982 basehttp 72709 6192377856 "GET /__debug__/history_sidebar/?store_id=d1a5fb85554e4f9db360754a375029c8 HTTP/1.1" 200 9472
INFO 2025-05-14 23:22:50,067 basehttp 72709 6192377856 "GET /static/css/dist/main.css HTTP/1.1" 304 0
WARNING 2025-05-14 23:22:50,101 basehttp 72709 6192377856 "GET /.well-known/appspecific/com.chrome.devtools.json HTTP/1.1" 404 13461
INFO 2025-05-14 23:23:16,384 basehttp 72709 6192377856 "GET /accounts/login/?next=/dashboard/ HTTP/1.1" 200 12390
INFO 2025-05-14 23:23:16,424 basehttp 72709 6192377856 "GET /static/js/lib/htmx.min.js HTTP/1.1" 304 0
INFO 2025-05-14 23:23:16,439 basehttp 72709 6192377856 "GET /static/js/lib/alpine.min.js HTTP/1.1" 304 0
WARNING 2025-05-14 23:23:16,493 basehttp 72709 6209204224 "GET /.well-known/appspecific/com.chrome.devtools.json HTTP/1.1" 404 13462
INFO 2025-05-14 23:23:26,575 autoreload 74639 8662781056 Watching for file changes with StatReloader
INFO 2025-05-14 23:23:29,141 basehttp 74639 6126448640 "GET /accounts/login/?next=/dashboard/ HTTP/1.1" 200 12391
WARNING 2025-05-14 23:23:29,175 basehttp 74639 6126448640 "GET /.well-known/appspecific/com.chrome.devtools.json HTTP/1.1" 404 13462
WARNING 2025-05-14 23:23:29,226 basehttp 74639 6126448640 "GET /favicon.ico HTTP/1.1" 404 13314
INFO 2025-05-14 23:24:05,688 basehttp 74639 6126448640 "GET /accounts/login/?next=/dashboard/ HTTP/1.1" 200 12394
WARNING 2025-05-14 23:24:05,772 basehttp 74639 6126448640 "GET /.well-known/appspecific/com.chrome.devtools.json HTTP/1.1" 404 13462
INFO 2025-05-14 23:24:06,521 basehttp 74639 6126448640 "GET /accounts/login/?next=/dashboard/ HTTP/1.1" 200 12394
WARNING 2025-05-14 23:24:06,556 basehttp 74639 6126448640 "GET /.well-known/appspecific/com.chrome.devtools.json HTTP/1.1" 404 13462
INFO 2025-05-14 23:24:06,724 basehttp 74639 6126448640 "GET /accounts/login/?next=/dashboard/ HTTP/1.1" 200 12394
WARNING 2025-05-14 23:24:06,754 basehttp 74639 6126448640 "GET /.well-known/appspecific/com.chrome.devtools.json HTTP/1.1" 404 13462
INFO 2025-05-14 23:24:07,102 basehttp 74639 6126448640 "GET /accounts/login/?next=/dashboard/ HTTP/1.1" 200 12392
WARNING 2025-05-14 23:24:07,138 basehttp 74639 6126448640 "GET /.well-known/appspecific/com.chrome.devtools.json HTTP/1.1" 404 13462
INFO 2025-05-14 23:24:07,327 basehttp 74639 6126448640 "GET /accounts/login/?next=/dashboard/ HTTP/1.1" 200 12394
WARNING 2025-05-14 23:24:07,357 basehttp 74639 6126448640 "GET /.well-known/appspecific/com.chrome.devtools.json HTTP/1.1" 404 13462
INFO 2025-05-14 23:24:07,666 basehttp 74639 6126448640 "GET /accounts/login/?next=/dashboard/ HTTP/1.1" 200 12394
WARNING 2025-05-14 23:24:07,702 basehttp 74639 6126448640 "GET /.well-known/appspecific/com.chrome.devtools.json HTTP/1.1" 404 13462
INFO 2025-05-14 23:24:08,005 basehttp 74639 6126448640 "GET /accounts/login/?next=/dashboard/ HTTP/1.1" 200 12394
WARNING 2025-05-14 23:24:08,040 basehttp 74639 6126448640 "GET /.well-known/appspecific/com.chrome.devtools.json HTTP/1.1" 404 13462
INFO 2025-05-14 23:24:08,318 basehttp 74639 6126448640 "GET /accounts/login/?next=/dashboard/ HTTP/1.1" 200 12394
WARNING 2025-05-14 23:24:08,351 basehttp 74639 6126448640 "GET /.well-known/appspecific/com.chrome.devtools.json HTTP/1.1" 404 13462
INFO 2025-05-14 23:24:08,651 basehttp 74639 6126448640 "GET /accounts/login/?next=/dashboard/ HTTP/1.1" 200 12394
WARNING 2025-05-14 23:24:08,689 basehttp 74639 6126448640 "GET /.well-known/appspecific/com.chrome.devtools.json HTTP/1.1" 404 13462
INFO 2025-05-14 23:24:09,065 basehttp 74639 6126448640 "GET /accounts/login/?next=/dashboard/ HTTP/1.1" 200 12394
WARNING 2025-05-14 23:24:09,100 basehttp 74639 6126448640 "GET /.well-known/appspecific/com.chrome.devtools.json HTTP/1.1" 404 13462
INFO 2025-05-14 23:24:09,552 basehttp 74639 6126448640 "GET /accounts/login/?next=/dashboard/ HTTP/1.1" 200 12394
WARNING 2025-05-14 23:24:09,588 basehttp 74639 6126448640 "GET /.well-known/appspecific/com.chrome.devtools.json HTTP/1.1" 404 13462
INFO 2025-05-14 23:28:01,527 autoreload 81583 8662781056 Watching for file changes with StatReloader
INFO 2025-05-14 23:34:06,925 autoreload 91445 8662781056 Watching for file changes with StatReloader
INFO 2025-05-14 23:34:09,084 basehttp 91445 6198325248 "GET / HTTP/1.1" 302 0
INFO 2025-05-14 23:34:09,098 basehttp 91445 6198325248 "GET /dashboard/ HTTP/1.1" 302 0
INFO 2025-05-14 23:34:09,173 basehttp 91445 6198325248 "GET /accounts/login/?next=/dashboard/ HTTP/1.1" 200 12374
INFO 2025-05-14 23:34:09,230 basehttp 91445 6215151616 "GET /static/css/dist/main.css HTTP/1.1" 304 0
INFO 2025-05-14 23:34:09,230 basehttp 91445 6198325248 "GET /static/js/lib/htmx.min.js HTTP/1.1" 304 0
INFO 2025-05-14 23:34:09,238 basehttp 91445 6198325248 "GET /static/js/lib/alpine.min.js HTTP/1.1" 304 0
WARNING 2025-05-14 23:34:09,279 basehttp 91445 6198325248 "GET /favicon.ico HTTP/1.1" 404 13313
INFO 2025-05-14 23:34:18,076 basehttp 91445 6198325248 "POST /accounts/login/?next=/dashboard/ HTTP/1.1" 302 0
ERROR 2025-05-14 23:34:18,138 basehttp 91445 6198325248 "GET /dashboard/ HTTP/1.1" 500 171179
INFO 2025-05-14 23:34:43,340 autoreload 91445 8662781056 /Users/emreuysal/Documents/Project/VivaCrm v2/dashboard/views.py changed, reloading.
INFO 2025-05-14 23:34:44,080 autoreload 92469 8662781056 Watching for file changes with StatReloader
INFO 2025-05-14 23:34:52,974 autoreload 92788 8662781056 Watching for file changes with StatReloader
INFO 2025-05-14 23:37:53,924 autoreload 97323 8662781056 Watching for file changes with StatReloader
ERROR 2025-05-14 23:37:54,975 basehttp 97323 6163214336 "GET /dashboard/ HTTP/1.1" 500 157821
INFO 2025-05-14 23:37:55,821 basehttp 97323 6163214336 "GET / HTTP/1.1" 302 0
ERROR 2025-05-14 23:37:55,865 basehttp 97323 6163214336 "GET /dashboard/ HTTP/1.1" 500 157497
INFO 2025-05-14 23:38:26,099 autoreload 97323 8662781056 /Users/emreuysal/Documents/Project/VivaCrm v2/dashboard/cache_helpers.py changed, reloading.
INFO 2025-05-14 23:38:26,789 autoreload 98342 8662781056 Watching for file changes with StatReloader
INFO 2025-05-14 23:39:08,164 autoreload 99433 8662781056 Watching for file changes with StatReloader
INFO 2025-05-14 23:42:26,596 autoreload 4718 8662781056 Watching for file changes with StatReloader
INFO 2025-05-14 23:42:27,674 basehttp 4718 6130757632 "GET /dashboard/ HTTP/1.1" 200 30931
INFO 2025-05-14 23:42:27,708 basehttp 4718 6181236736 "GET /static/css/dist/main.css HTTP/1.1" 304 0
INFO 2025-05-14 23:42:27,708 basehttp 4718 6164410368 "GET /static/images/default-avatar.png HTTP/1.1" 200 2048
INFO 2025-05-14 23:42:27,709 basehttp 4718 6198063104 "GET /static/js/lib/htmx.min.js HTTP/1.1" 304 0
INFO 2025-05-14 23:42:27,711 basehttp 4718 6214889472 "GET /static/js/lib/alpine.min.js HTTP/1.1" 304 0
INFO 2025-05-14 23:42:27,711 basehttp 4718 6130757632 "GET /static/js/dist/main.js HTTP/1.1" 200 5073
WARNING 2025-05-14 23:42:27,720 basehttp 4718 6147584000 "GET /dashboard/images/default-avatar.png HTTP/1.1" 404 13475
WARNING 2025-05-14 23:42:28,138 basehttp 4718 6147584000 "GET /static/img/favicon.ico HTTP/1.1" 404 1905
INFO 2025-05-14 23:42:29,300 basehttp 4718 6214889472 "GET / HTTP/1.1" 302 0
INFO 2025-05-14 23:42:29,319 basehttp 4718 6214889472 "GET /dashboard/ HTTP/1.1" 200 30927
WARNING 2025-05-14 23:42:29,393 basehttp 4718 6214889472 "GET /dashboard/images/default-avatar.png HTTP/1.1" 404 13475
INFO 2025-05-14 23:42:31,530 basehttp 4718 6130757632 "GET /dashboard/ HTTP/1.1" 200 30927
INFO 2025-05-14 23:42:31,554 basehttp 4718 6147584000 "GET /static/js/dist/main.js HTTP/1.1" 200 5073
INFO 2025-05-14 23:42:31,557 basehttp 4718 6181236736 "GET /static/images/default-avatar.png HTTP/1.1" 200 2048
INFO 2025-05-14 23:42:31,558 basehttp 4718 6164410368 "GET /static/debug_toolbar/js/toolbar.js HTTP/1.1" 200 13578
INFO 2025-05-14 23:42:31,560 basehttp 4718 6214889472 "GET /static/debug_toolbar/css/toolbar.css HTTP/1.1" 200 12621
INFO 2025-05-14 23:42:31,567 basehttp 4718 6181236736 "GET /static/js/lib/htmx.min.js HTTP/1.1" 200 47755
INFO 2025-05-14 23:42:31,567 basehttp 4718 6130757632 "GET /static/css/dist/main.css HTTP/1.1" 200 156713
INFO 2025-05-14 23:42:31,568 basehttp 4718 6147584000 "GET /static/js/lib/alpine.min.js HTTP/1.1" 200 43838
WARNING 2025-05-14 23:42:31,575 basehttp 4718 6198063104 "GET /dashboard/images/default-avatar.png HTTP/1.1" 404 13475
INFO 2025-05-14 23:42:31,931 basehttp 4718 6198063104 "GET /static/debug_toolbar/css/print.css HTTP/1.1" 200 43
INFO 2025-05-14 23:42:31,935 basehttp 4718 6198063104 "GET /static/debug_toolbar/js/utils.js HTTP/1.1" 200 4527
WARNING 2025-05-14 23:42:31,954 basehttp 4718 6198063104 "GET /static/img/favicon.ico HTTP/1.1" 404 1905
ERROR 2025-05-14 23:42:48,296 basehttp 4718 6130757632 "GET /customers/ HTTP/1.1" 500 238570
WARNING 2025-05-14 23:42:48,407 basehttp 4718 6130757632 "GET /favicon.ico HTTP/1.1" 404 13312
WARNING 2025-05-14 23:42:52,824 basehttp 4718 6130757632 "GET /accounts/logout/ HTTP/1.1" 405 0
WARNING 2025-05-14 23:42:53,935 basehttp 4718 6130757632 "GET /accounts/logout/ HTTP/1.1" 405 0
WARNING 2025-05-14 23:42:54,913 basehttp 4718 6130757632 "GET /accounts/logout/ HTTP/1.1" 405 0
INFO 2025-05-14 23:43:01,207 basehttp 4718 6130757632 "GET / HTTP/1.1" 302 0
INFO 2025-05-14 23:43:01,225 basehttp 4718 6130757632 "GET /dashboard/ HTTP/1.1" 200 30927
WARNING 2025-05-14 23:43:01,244 basehttp 4718 6130757632 "GET /dashboard/images/default-avatar.png HTTP/1.1" 404 13473
WARNING 2025-05-14 23:43:05,603 basehttp 4718 6130757632 "GET /accounts/logout/ HTTP/1.1" 405 0
INFO 2025-05-14 23:44:03,728 autoreload 4718 8662781056 /Users/emreuysal/Documents/Project/VivaCrm v2/accounts/urls.py changed, reloading.
INFO 2025-05-14 23:44:04,529 autoreload 7091 8662781056 Watching for file changes with StatReloader
INFO 2025-05-14 23:44:14,063 autoreload 7409 8662781056 Watching for file changes with StatReloader
INFO 2025-05-14 23:45:57,398 basehttp 7409 6159282176 "GET /accounts/login/?next=/dashboard/ HTTP/1.1" 200 12376
INFO 2025-05-14 23:45:57,636 basehttp 7409 6159282176 "GET /accounts/login/?next=/dashboard/ HTTP/1.1" 200 12376
INFO 2025-05-14 23:45:58,119 basehttp 7409 6159282176 "GET /accounts/login/?next=/dashboard/ HTTP/1.1" 200 12378
INFO 2025-05-14 23:45:58,519 basehttp 7409 6159282176 "GET /accounts/login/?next=/dashboard/ HTTP/1.1" 200 12377
INFO 2025-05-14 23:45:58,995 basehttp 7409 6159282176 "GET /accounts/login/?next=/dashboard/ HTTP/1.1" 200 12378
INFO 2025-05-14 23:46:04,512 basehttp 7409 6159282176 "GET /dashboard/ HTTP/1.1" 200 31285
WARNING 2025-05-14 23:46:04,552 basehttp 7409 6159282176 "GET /dashboard/images/default-avatar.png HTTP/1.1" 404 13475
INFO 2025-05-14 23:46:05,341 basehttp 7409 6159282176 "GET /dashboard/ HTTP/1.1" 200 31283
WARNING 2025-05-14 23:46:05,379 basehttp 7409 6159282176 "GET /dashboard/images/default-avatar.png HTTP/1.1" 404 13475
ERROR 2025-05-14 23:46:06,310 basehttp 7409 6159282176 "GET /customers/ HTTP/1.1" 500 238357
INFO 2025-05-14 23:46:38,895 autoreload 11287 8662781056 Watching for file changes with StatReloader
INFO 2025-05-14 23:46:42,286 basehttp 11287 6135132160 "GET / HTTP/1.1" 302 0
INFO 2025-05-14 23:46:42,423 basehttp 11287 6135132160 "GET /dashboard/ HTTP/1.1" 200 31287
INFO 2025-05-14 23:46:42,458 basehttp 11287 6168784896 "GET /static/js/lib/htmx.min.js HTTP/1.1" 304 0
INFO 2025-05-14 23:46:42,459 basehttp 11287 6185611264 "GET /static/js/lib/alpine.min.js HTTP/1.1" 304 0
INFO 2025-05-14 23:46:42,463 basehttp 11287 6151958528 "GET /static/css/dist/main.css HTTP/1.1" 200 156749
WARNING 2025-05-14 23:46:42,471 basehttp 11287 6135132160 "GET /dashboard/images/default-avatar.png HTTP/1.1" 404 13475
WARNING 2025-05-14 23:46:42,517 basehttp 11287 6135132160 "GET /static/img/favicon.ico HTTP/1.1" 404 1905
INFO 2025-05-14 23:46:45,587 basehttp 11287 6151958528 "POST /accounts/logout/ HTTP/1.1" 302 0
INFO 2025-05-14 23:46:45,615 basehttp 11287 6151958528 "GET /accounts/login/ HTTP/1.1" 200 12357
WARNING 2025-05-14 23:46:45,662 basehttp 11287 6151958528 "GET /favicon.ico HTTP/1.1" 404 13314
INFO 2025-05-14 23:46:47,125 basehttp 11287 6135132160 "GET /accounts/login/ HTTP/1.1" 200 12359
INFO 2025-05-14 23:46:47,146 basehttp 11287 6151958528 "GET /static/js/lib/htmx.min.js HTTP/1.1" 200 47755
INFO 2025-05-14 23:46:47,147 basehttp 11287 6168784896 "GET /static/debug_toolbar/css/toolbar.css HTTP/1.1" 200 12621
INFO 2025-05-14 23:46:47,148 basehttp 11287 6185611264 "GET /static/debug_toolbar/js/toolbar.js HTTP/1.1" 200 13578
INFO 2025-05-14 23:46:47,148 basehttp 11287 6135132160 "GET /static/css/dist/main.css HTTP/1.1" 200 156749
INFO 2025-05-14 23:46:47,152 basehttp 11287 6135132160 "GET /static/js/lib/alpine.min.js HTTP/1.1" 200 43838
INFO 2025-05-14 23:46:47,154 basehttp 11287 6185611264 "GET /static/debug_toolbar/css/print.css HTTP/1.1" 200 43
INFO 2025-05-14 23:46:47,159 basehttp 11287 6185611264 "GET /static/debug_toolbar/js/utils.js HTTP/1.1" 200 4527
WARNING 2025-05-14 23:46:47,179 basehttp 11287 6185611264 "GET /favicon.ico HTTP/1.1" 404 13313
INFO 2025-05-14 23:58:18,197 basehttp 11287 6135132160 "GET /accounts/login/ HTTP/1.1" 200 12361
INFO 2025-05-14 23:58:18,225 basehttp 11287 6151958528 "GET /static/js/lib/htmx.min.js HTTP/1.1" 304 0
INFO 2025-05-14 23:58:18,228 basehttp 11287 6135132160 "GET /static/css/dist/main.css HTTP/1.1" 200 156662
INFO 2025-05-14 23:58:18,231 basehttp 11287 6135132160 "GET /static/js/lib/alpine.min.js HTTP/1.1" 304 0
INFO 2025-05-15 00:16:38,533 autoreload 11287 8662781056 /Users/emreuysal/Documents/Project/VivaCrm v2/core/urls.py changed, reloading.
INFO 2025-05-15 00:16:39,418 autoreload 56502 8662781056 Watching for file changes with StatReloader
INFO 2025-05-15 00:16:50,600 autoreload 56502 8662781056 /Users/emreuysal/Documents/Project/VivaCrm v2/core/urls.py changed, reloading.
INFO 2025-05-15 00:16:51,244 autoreload 56770 8662781056 Watching for file changes with StatReloader
INFO 2025-05-15 00:18:51,662 basehttp 56770 6325039104 "GET / HTTP/1.1" 302 0
INFO 2025-05-15 00:18:51,671 basehttp 56770 6325039104 "GET /dashboard/ HTTP/1.1" 302 0
INFO 2025-05-15 00:18:51,769 basehttp 56770 6325039104 "GET /accounts/login/?next=/dashboard/ HTTP/1.1" 200 12483
INFO 2025-05-15 00:18:51,829 basehttp 56770 6358691840 "GET /static/js/lib/htmx.min.js HTTP/1.1" 304 0
INFO 2025-05-15 00:18:51,830 basehttp 56770 6325039104 "GET /static/css/viva-design-system.css HTTP/1.1" 200 7742
INFO 2025-05-15 00:18:51,832 basehttp 56770 6341865472 "GET /static/css/dist/main.css HTTP/1.1" 200 162429
INFO 2025-05-15 00:18:51,834 basehttp 56770 6325039104 "GET /static/js/lib/alpine.min.js HTTP/1.1" 304 0
ERROR 2025-05-15 00:19:02,362 basehttp 56770 6325039104 "GET /design-system/ HTTP/1.1" 500 187222
INFO 2025-05-15 00:20:42,130 basehttp 56770 6325039104 "GET /design-system/ HTTP/1.1" 200 33324
INFO 2025-05-15 00:20:42,175 basehttp 56770 6341865472 "GET /static/css/dist/main.css HTTP/1.1" 304 0
INFO 2025-05-15 00:20:42,177 basehttp 56770 6325039104 "GET /static/css/viva-design-system.css HTTP/1.1" 304 0
INFO 2025-05-15 00:20:42,178 basehttp 56770 6358691840 "GET /static/js/dist/main.js HTTP/1.1" 304 0
WARNING 2025-05-15 00:20:42,587 basehttp 56770 6358691840 "GET /static/img/favicon.ico HTTP/1.1" 404 1905
INFO 2025-05-15 00:21:06,227 basehttp 56770 6325039104 "GET / HTTP/1.1" 302 0
INFO 2025-05-15 00:21:06,236 basehttp 56770 6325039104 "GET /dashboard/ HTTP/1.1" 302 0
INFO 2025-05-15 00:21:06,250 basehttp 56770 6325039104 "GET /accounts/login/?next=/dashboard/ HTTP/1.1" 200 12487
ERROR 2025-05-15 00:28:26,002 basehttp 56770 6325039104 "GET /accounts/login/?next=/dashboard/ HTTP/1.1" 500 188548
ERROR 2025-05-15 00:28:26,815 basehttp 56770 6325039104 "GET /accounts/login/?next=/dashboard/ HTTP/1.1" 500 188548
ERROR 2025-05-15 00:28:41,059 basehttp 56770 6325039104 "GET /accounts/login/?next=/dashboard/ HTTP/1.1" 500 188548
ERROR 2025-05-15 00:28:42,958 basehttp 56770 6325039104 "GET /accounts/login/?next=/dashboard/ HTTP/1.1" 500 188548
ERROR 2025-05-15 00:29:12,983 basehttp 56770 6325039104 "GET /accounts/login/?next=/dashboard/ HTTP/1.1" 500 188548
ERROR 2025-05-15 00:29:13,732 basehttp 56770 6325039104 "GET /accounts/login/?next=/dashboard/ HTTP/1.1" 500 188548
ERROR 2025-05-15 00:29:32,662 basehttp 56770 6325039104 "GET /accounts/login/?next=/dashboard/ HTTP/1.1" 500 188548
ERROR 2025-05-15 00:33:51,031 basehttp 56770 6325039104 "GET /accounts/login/?next=/dashboard/ HTTP/1.1" 500 188548
ERROR 2025-05-15 00:34:01,368 basehttp 56770 6325039104 "GET /accounts/login/?next=/dashboard/ HTTP/1.1" 500 188548
ERROR 2025-05-15 00:35:41,279 basehttp 56770 6325039104 "GET /accounts/login/?next=/dashboard/ HTTP/1.1" 500 188548
ERROR 2025-05-15 00:35:43,649 basehttp 56770 6325039104 "GET /accounts/login/?next=/dashboard/ HTTP/1.1" 500 188548
ERROR 2025-05-15 00:35:44,070 basehttp 56770 6325039104 "GET /accounts/login/?next=/dashboard/ HTTP/1.1" 500 188550
INFO 2025-05-15 00:39:12,312 basehttp 56770 6325039104 "GET /accounts/login/?next=/dashboard/ HTTP/1.1" 200 12707
INFO 2025-05-15 00:39:12,346 basehttp 56770 6341865472 "GET /static/css/viva-design-system.css HTTP/1.1" 304 0
INFO 2025-05-15 00:39:12,346 basehttp 56770 6325039104 "GET /static/img/vivacrm-logo.svg HTTP/1.1" 200 1699
INFO 2025-05-15 00:39:12,347 basehttp 56770 6358691840 "GET /static/js/lib/htmx.min.js HTTP/1.1" 304 0
INFO 2025-05-15 00:39:12,349 basehttp 56770 6375518208 "GET /static/css/dist/main.css HTTP/1.1" 200 164086
INFO 2025-05-15 00:39:12,352 basehttp 56770 6375518208 "GET /static/js/lib/alpine.min.js HTTP/1.1" 304 0
INFO 2025-05-15 00:46:09,249 basehttp 56770 6325039104 "GET /accounts/login/?next=/dashboard/ HTTP/1.1" 200 12707
INFO 2025-05-15 00:46:09,279 basehttp 56770 6325039104 "GET /static/css/viva-design-system.css HTTP/1.1" 304 0
INFO 2025-05-15 00:46:09,282 basehttp 56770 6358691840 "GET /static/css/dist/main.css HTTP/1.1" 304 0
INFO 2025-05-15 00:46:09,282 basehttp 56770 6341865472 "GET /static/img/vivacrm-logo.svg HTTP/1.1" 304 0
INFO 2025-05-15 00:46:09,959 basehttp 56770 6341865472 "GET /accounts/login/?next=/dashboard/ HTTP/1.1" 200 12707
INFO 2025-05-15 00:46:11,433 basehttp 56770 6341865472 "GET /accounts/login/?next=/dashboard/ HTTP/1.1" 200 12707
INFO 2025-05-15 00:46:12,137 basehttp 56770 6341865472 "GET /accounts/login/?next=/dashboard/ HTTP/1.1" 200 12705
INFO 2025-05-15 00:46:13,523 basehttp 56770 6341865472 "GET /accounts/login/?next=/dashboard/ HTTP/1.1" 200 12707
INFO 2025-05-15 00:46:14,118 basehttp 56770 6341865472 "GET /accounts/login/?next=/dashboard/ HTTP/1.1" 200 12707
INFO 2025-05-15 00:46:14,628 basehttp 56770 6341865472 "GET /accounts/login/?next=/dashboard/ HTTP/1.1" 200 12705
INFO 2025-05-15 00:46:14,847 basehttp 56770 6341865472 "GET /accounts/login/?next=/dashboard/ HTTP/1.1" 200 12707
INFO 2025-05-15 00:46:15,065 basehttp 56770 6341865472 "GET /accounts/login/?next=/dashboard/ HTTP/1.1" 200 12707
INFO 2025-05-15 00:46:15,269 basehttp 56770 6341865472 "GET /accounts/login/?next=/dashboard/ HTTP/1.1" 200 12705
INFO 2025-05-15 00:46:15,983 basehttp 56770 6341865472 "GET /accounts/login/?next=/dashboard/ HTTP/1.1" 200 12707
INFO 2025-05-15 00:46:16,575 basehttp 56770 6341865472 "GET /accounts/login/?next=/dashboard/ HTTP/1.1" 200 12707
INFO 2025-05-15 00:46:59,737 basehttp 56770 6341865472 "GET /accounts/login/?next=/dashboard/ HTTP/1.1" 200 12705
INFO 2025-05-15 00:47:00,287 basehttp 56770 6341865472 "GET /accounts/login/?next=/dashboard/ HTTP/1.1" 200 12705
INFO 2025-05-15 00:47:00,474 basehttp 56770 6341865472 "GET /accounts/login/?next=/dashboard/ HTTP/1.1" 200 12707
INFO 2025-05-15 00:47:00,730 basehttp 56770 6341865472 "GET /accounts/login/?next=/dashboard/ HTTP/1.1" 200 12707
INFO 2025-05-15 00:48:09,639 basehttp 56770 6341865472 "GET /accounts/login/?next=/dashboard/ HTTP/1.1" 200 12706
INFO 2025-05-15 00:48:09,667 basehttp 56770 6341865472 "GET /static/css/dist/main.css HTTP/1.1" 304 0
INFO 2025-05-15 00:48:10,270 basehttp 56770 6341865472 "GET /accounts/login/?next=/dashboard/ HTTP/1.1" 200 12707
INFO 2025-05-15 00:49:04,073 basehttp 56770 6341865472 "GET /accounts/login/?next=/dashboard/ HTTP/1.1" 200 12707
INFO 2025-05-15 00:49:04,103 basehttp 56770 6325039104 "GET /static/js/lib/alpine.min.js HTTP/1.1" 304 0
INFO 2025-05-15 00:49:04,104 basehttp 56770 6358691840 "GET /static/js/lib/htmx.min.js HTTP/1.1" 304 0
INFO 2025-05-15 00:49:04,105 basehttp 56770 6341865472 "GET /static/img/vivacrm-logo.png HTTP/1.1" 200 2849
INFO 2025-05-15 00:49:15,277 basehttp 56770 6341865472 "GET /accounts/login/?next=/dashboard/ HTTP/1.1" 200 12707
INFO 2025-05-15 00:49:15,300 basehttp 56770 6358691840 "GET /static/css/viva-design-system.css HTTP/1.1" 200 7742
INFO 2025-05-15 00:49:15,302 basehttp 56770 6325039104 "GET /static/debug_toolbar/css/toolbar.css HTTP/1.1" 200 12621
INFO 2025-05-15 00:49:15,303 basehttp 56770 6392344576 "GET /static/debug_toolbar/js/toolbar.js HTTP/1.1" 200 13578
INFO 2025-05-15 00:49:15,303 basehttp 56770 6409170944 "GET /static/img/vivacrm-logo.png HTTP/1.1" 200 2849
INFO 2025-05-15 00:49:15,303 basehttp 56770 6341865472 "GET /static/js/lib/htmx.min.js HTTP/1.1" 200 47755
INFO 2025-05-15 00:49:15,305 basehttp 56770 6375518208 "GET /static/css/dist/main.css HTTP/1.1" 200 164086
INFO 2025-05-15 00:49:15,308 basehttp 56770 6409170944 "GET /static/js/lib/alpine.min.js HTTP/1.1" 200 43838
INFO 2025-05-15 00:49:15,310 basehttp 56770 6409170944 "GET /static/debug_toolbar/css/print.css HTTP/1.1" 200 43
INFO 2025-05-15 00:49:15,313 basehttp 56770 6409170944 "GET /static/debug_toolbar/js/utils.js HTTP/1.1" 200 4527
WARNING 2025-05-15 00:49:15,332 basehttp 56770 6409170944 "GET /favicon.ico HTTP/1.1" 404 13449
INFO 2025-05-15 00:49:19,653 basehttp 56770 6409170944 "GET /accounts/login/?next=/dashboard/ HTTP/1.1" 200 12707
INFO 2025-05-15 00:49:19,670 basehttp 56770 6392344576 "GET /static/img/vivacrm-logo.png HTTP/1.1" 200 2849
INFO 2025-05-15 00:49:19,671 basehttp 56770 6341865472 "GET /static/css/viva-design-system.css HTTP/1.1" 200 7742
INFO 2025-05-15 00:49:19,671 basehttp 56770 6375518208 "GET /static/debug_toolbar/js/toolbar.js HTTP/1.1" 200 13578
INFO 2025-05-15 00:49:19,671 basehttp 56770 6325039104 "GET /static/debug_toolbar/css/toolbar.css HTTP/1.1" 200 12621
INFO 2025-05-15 00:49:19,673 basehttp 56770 6409170944 "GET /static/js/lib/htmx.min.js HTTP/1.1" 200 47755
INFO 2025-05-15 00:49:19,674 basehttp 56770 6358691840 "GET /static/css/dist/main.css HTTP/1.1" 200 164086
INFO 2025-05-15 00:49:19,676 basehttp 56770 6358691840 "GET /static/js/lib/alpine.min.js HTTP/1.1" 200 43838
INFO 2025-05-15 00:49:19,678 basehttp 56770 6358691840 "GET /static/debug_toolbar/css/print.css HTTP/1.1" 200 43
INFO 2025-05-15 00:49:19,679 basehttp 56770 6325039104 "GET /static/debug_toolbar/js/utils.js HTTP/1.1" 200 4527
WARNING 2025-05-15 00:49:19,704 basehttp 56770 6325039104 "GET /favicon.ico HTTP/1.1" 404 13448
INFO 2025-05-15 00:49:20,867 basehttp 56770 6325039104 "GET /accounts/login/?next=/dashboard/ HTTP/1.1" 200 12707
INFO 2025-05-15 00:49:20,882 basehttp 56770 6409170944 "GET /static/css/viva-design-system.css HTTP/1.1" 200 7742
INFO 2025-05-15 00:49:20,883 basehttp 56770 6358691840 "GET /static/debug_toolbar/css/toolbar.css HTTP/1.1" 200 12621
INFO 2025-05-15 00:49:20,883 basehttp 56770 6341865472 "GET /static/img/vivacrm-logo.png HTTP/1.1" 200 2849
INFO 2025-05-15 00:49:20,884 basehttp 56770 6392344576 "GET /static/debug_toolbar/js/toolbar.js HTTP/1.1" 200 13578
INFO 2025-05-15 00:49:20,884 basehttp 56770 6375518208 "GET /static/js/lib/htmx.min.js HTTP/1.1" 200 47755
INFO 2025-05-15 00:49:20,885 basehttp 56770 6325039104 "GET /static/css/dist/main.css HTTP/1.1" 200 164086
INFO 2025-05-15 00:49:20,886 basehttp 56770 6325039104 "GET /static/js/lib/alpine.min.js HTTP/1.1" 200 43838
INFO 2025-05-15 00:49:20,891 basehttp 56770 6325039104 "GET /static/debug_toolbar/css/print.css HTTP/1.1" 200 43
INFO 2025-05-15 00:49:20,893 basehttp 56770 6375518208 "GET /static/debug_toolbar/js/utils.js HTTP/1.1" 200 4527
WARNING 2025-05-15 00:49:20,911 basehttp 56770 6375518208 "GET /favicon.ico HTTP/1.1" 404 13448
INFO 2025-05-15 00:49:21,466 basehttp 56770 6375518208 "GET /accounts/login/?next=/dashboard/ HTTP/1.1" 200 12705
INFO 2025-05-15 00:49:21,484 basehttp 56770 6375518208 "GET /static/css/viva-design-system.css HTTP/1.1" 200 7742
INFO 2025-05-15 00:49:21,484 basehttp 56770 6409170944 "GET /static/img/vivacrm-logo.png HTTP/1.1" 200 2849
INFO 2025-05-15 00:49:21,486 basehttp 56770 6341865472 "GET /static/debug_toolbar/css/toolbar.css HTTP/1.1" 200 12621
INFO 2025-05-15 00:49:21,486 basehttp 56770 6392344576 "GET /static/debug_toolbar/js/toolbar.js HTTP/1.1" 200 13578
INFO 2025-05-15 00:49:21,487 basehttp 56770 6325039104 "GET /static/js/lib/htmx.min.js HTTP/1.1" 200 47755
INFO 2025-05-15 00:49:21,488 basehttp 56770 6358691840 "GET /static/css/dist/main.css HTTP/1.1" 200 164086
INFO 2025-05-15 00:49:21,493 basehttp 56770 6325039104 "GET /static/debug_toolbar/css/print.css HTTP/1.1" 200 43
INFO 2025-05-15 00:49:21,493 basehttp 56770 6358691840 "GET /static/js/lib/alpine.min.js HTTP/1.1" 200 43838
INFO 2025-05-15 00:49:21,496 basehttp 56770 6358691840 "GET /static/debug_toolbar/js/utils.js HTTP/1.1" 200 4527
WARNING 2025-05-15 00:49:21,516 basehttp 56770 6358691840 "GET /favicon.ico HTTP/1.1" 404 13450
INFO 2025-05-15 00:49:21,739 basehttp 56770 6358691840 "GET /accounts/login/?next=/dashboard/ HTTP/1.1" 200 12707
INFO 2025-05-15 00:49:21,760 basehttp 56770 6325039104 "GET /static/debug_toolbar/js/toolbar.js HTTP/1.1" 200 13578
INFO 2025-05-15 00:49:21,761 basehttp 56770 6341865472 "GET /static/css/viva-design-system.css HTTP/1.1" 200 7742
INFO 2025-05-15 00:49:21,761 basehttp 56770 6375518208 "GET /static/debug_toolbar/css/toolbar.css HTTP/1.1" 200 12621
INFO 2025-05-15 00:49:21,762 basehttp 56770 6392344576 "GET /static/img/vivacrm-logo.png HTTP/1.1" 200 2849
INFO 2025-05-15 00:49:21,762 basehttp 56770 6409170944 "GET /static/js/lib/htmx.min.js HTTP/1.1" 200 47755
INFO 2025-05-15 00:49:21,763 basehttp 56770 6358691840 "GET /static/css/dist/main.css HTTP/1.1" 200 164086
INFO 2025-05-15 00:49:21,764 basehttp 56770 6358691840 "GET /static/js/lib/alpine.min.js HTTP/1.1" 200 43838
INFO 2025-05-15 00:49:21,766 basehttp 56770 6358691840 "GET /static/debug_toolbar/css/print.css HTTP/1.1" 200 43
INFO 2025-05-15 00:49:21,770 basehttp 56770 6358691840 "GET /static/debug_toolbar/js/utils.js HTTP/1.1" 200 4527
WARNING 2025-05-15 00:49:21,792 basehttp 56770 6358691840 "GET /favicon.ico HTTP/1.1" 404 13450
INFO 2025-05-15 00:49:21,931 basehttp 56770 6358691840 "GET /accounts/login/?next=/dashboard/ HTTP/1.1" 200 12707
INFO 2025-05-15 00:49:21,948 basehttp 56770 6375518208 "GET /static/img/vivacrm-logo.png HTTP/1.1" 200 2849
INFO 2025-05-15 00:49:21,949 basehttp 56770 6341865472 "GET /static/debug_toolbar/css/toolbar.css HTTP/1.1" 200 12621
INFO 2025-05-15 00:49:21,949 basehttp 56770 6358691840 "GET /static/css/viva-design-system.css HTTP/1.1" 200 7742
INFO 2025-05-15 00:49:21,950 basehttp 56770 6392344576 "GET /static/debug_toolbar/js/toolbar.js HTTP/1.1" 200 13578
INFO 2025-05-15 00:49:21,951 basehttp 56770 6325039104 "GET /static/js/lib/htmx.min.js HTTP/1.1" 200 47755
INFO 2025-05-15 00:49:21,951 basehttp 56770 6409170944 "GET /static/css/dist/main.css HTTP/1.1" 200 164086
INFO 2025-05-15 00:49:21,952 basehttp 56770 6409170944 "GET /static/js/lib/alpine.min.js HTTP/1.1" 200 43838
INFO 2025-05-15 00:49:21,954 basehttp 56770 6409170944 "GET /static/debug_toolbar/css/print.css HTTP/1.1" 200 43
INFO 2025-05-15 00:49:21,956 basehttp 56770 6325039104 "GET /static/debug_toolbar/js/utils.js HTTP/1.1" 200 4527
WARNING 2025-05-15 00:49:21,978 basehttp 56770 6325039104 "GET /favicon.ico HTTP/1.1" 404 13449
INFO 2025-05-15 00:50:22,711 basehttp 56770 6325039104 "GET /accounts/login/?next=/dashboard/ HTTP/1.1" 200 12707
INFO 2025-05-15 00:50:22,743 basehttp 56770 6358691840 "GET /static/img/vivacrm-logo.png HTTP/1.1" 200 12963
INFO 2025-05-15 00:50:22,747 basehttp 56770 6325039104 "GET /static/css/viva-design-system.css HTTP/1.1" 200 7742
INFO 2025-05-15 00:50:22,748 basehttp 56770 6375518208 "GET /static/debug_toolbar/js/toolbar.js HTTP/1.1" 200 13578
INFO 2025-05-15 00:50:22,750 basehttp 56770 6341865472 "GET /static/debug_toolbar/css/toolbar.css HTTP/1.1" 200 12621
INFO 2025-05-15 00:50:22,751 basehttp 56770 6392344576 "GET /static/js/lib/htmx.min.js HTTP/1.1" 200 47755
INFO 2025-05-15 00:50:22,753 basehttp 56770 6409170944 "GET /static/css/dist/main.css HTTP/1.1" 200 164086
INFO 2025-05-15 00:50:22,757 basehttp 56770 6392344576 "GET /static/js/lib/alpine.min.js HTTP/1.1" 200 43838
INFO 2025-05-15 00:50:22,760 basehttp 56770 6392344576 "GET /static/debug_toolbar/css/print.css HTTP/1.1" 200 43
INFO 2025-05-15 00:50:22,765 basehttp 56770 6392344576 "GET /static/debug_toolbar/js/utils.js HTTP/1.1" 200 4527
WARNING 2025-05-15 00:50:22,812 basehttp 56770 6392344576 "GET /favicon.ico HTTP/1.1" 404 13450
INFO 2025-05-15 00:55:11,846 basehttp 56770 6325039104 "GET /accounts/login/?next=/dashboard/ HTTP/1.1" 200 13356
INFO 2025-05-15 00:55:11,875 basehttp 56770 6325039104 "GET /static/css/viva-design-system.css HTTP/1.1" 200 7742
INFO 2025-05-15 00:55:11,878 basehttp 56770 6375518208 "GET /static/debug_toolbar/js/toolbar.js HTTP/1.1" 200 13578
INFO 2025-05-15 00:55:11,881 basehttp 56770 6409170944 "GET /static/debug_toolbar/css/toolbar.css HTTP/1.1" 200 12621
INFO 2025-05-15 00:55:11,884 basehttp 56770 6358691840 "GET /static/js/lib/htmx.min.js HTTP/1.1" 200 47755
INFO 2025-05-15 00:55:11,885 basehttp 56770 6392344576 "GET /static/img/vivacrm-logo.png HTTP/1.1" 200 12963
INFO 2025-05-15 00:55:11,890 basehttp 56770 6392344576 "GET /static/js/lib/alpine.min.js HTTP/1.1" 200 43838
INFO 2025-05-15 00:55:11,891 basehttp 56770 6341865472 "GET /static/css/dist/main.css HTTP/1.1" 200 164086
INFO 2025-05-15 00:55:11,904 basehttp 56770 6341865472 "GET /static/debug_toolbar/css/print.css HTTP/1.1" 200 43
INFO 2025-05-15 00:55:11,925 basehttp 56770 6341865472 "GET /static/debug_toolbar/js/utils.js HTTP/1.1" 200 4527
WARNING 2025-05-15 00:55:11,976 basehttp 56770 6341865472 "GET /favicon.ico HTTP/1.1" 404 13450
INFO 2025-05-15 00:55:25,438 basehttp 56770 6325039104 "GET /accounts/register/ HTTP/1.1" 200 14051
INFO 2025-05-15 00:55:27,084 basehttp 56770 6325039104 "GET /accounts/login/ HTTP/1.1" 200 13339
INFO 2025-05-15 00:55:27,295 basehttp 56770 6325039104 "GET /__debug__/history_sidebar/?store_id=1184d8c2959f4278909377a82749abdd HTTP/1.1" 200 9515
INFO 2025-05-15 00:55:28,928 basehttp 56770 6325039104 "GET /accounts/password-reset/ HTTP/1.1" 200 12149
INFO 2025-05-15 00:55:31,283 basehttp 56770 6325039104 "GET /accounts/login/ HTTP/1.1" 200 13339
INFO 2025-05-15 00:55:31,492 basehttp 56770 6325039104 "GET /__debug__/history_sidebar/?store_id=5f49e8a5575445908641484aae904fa6 HTTP/1.1" 200 9515
INFO 2025-05-15 00:55:49,640 basehttp 56770 6325039104 "GET /accounts/password-reset/ HTTP/1.1" 200 12147
INFO 2025-05-15 00:55:50,735 basehttp 56770 6325039104 "GET /accounts/login/ HTTP/1.1" 200 13337
INFO 2025-05-15 00:55:50,954 basehttp 56770 6325039104 "GET /__debug__/history_sidebar/?store_id=559afc5551f94ace84c4ecae343aff74 HTTP/1.1" 200 9513
INFO 2025-05-15 00:55:51,586 basehttp 56770 6325039104 "GET /accounts/register/ HTTP/1.1" 200 14051
INFO 2025-05-15 00:55:52,964 basehttp 56770 6325039104 "GET /accounts/login/ HTTP/1.1" 200 13339
INFO 2025-05-15 00:55:53,174 basehttp 56770 6325039104 "GET /__debug__/history_sidebar/?store_id=017ed5a502b3470abb4bc21789f4ac47 HTTP/1.1" 200 9515
INFO 2025-05-15 00:56:39,845 basehttp 56770 6325039104 "GET /accounts/login/ HTTP/1.1" 200 13350
INFO 2025-05-15 00:56:39,877 basehttp 56770 6325039104 "GET /static/css/viva-design-system.css HTTP/1.1" 200 7742
INFO 2025-05-15 00:56:39,885 basehttp 56770 6409170944 "GET /static/debug_toolbar/css/toolbar.css HTTP/1.1" 200 12621
INFO 2025-05-15 00:56:39,885 basehttp 56770 6341865472 "GET /static/js/lib/htmx.min.js HTTP/1.1" 200 47755
INFO 2025-05-15 00:56:39,887 basehttp 56770 6358691840 "GET /static/css/dist/main.css HTTP/1.1" 200 164086
INFO 2025-05-15 00:56:39,888 basehttp 56770 6392344576 "GET /static/img/vivacrm-logo.png HTTP/1.1" 200 12963
INFO 2025-05-15 00:56:39,888 basehttp 56770 6375518208 "GET /static/debug_toolbar/js/toolbar.js HTTP/1.1" 200 13578
INFO 2025-05-15 00:56:39,897 basehttp 56770 6358691840 "GET /static/debug_toolbar/css/print.css HTTP/1.1" 200 43
INFO 2025-05-15 00:56:39,898 basehttp 56770 6392344576 "GET /static/js/lib/alpine.min.js HTTP/1.1" 200 43838
INFO 2025-05-15 00:56:39,899 basehttp 56770 6341865472 "GET /static/debug_toolbar/js/utils.js HTTP/1.1" 200 4527
WARNING 2025-05-15 00:56:39,944 basehttp 56770 6341865472 "GET /favicon.ico HTTP/1.1" 404 13450
INFO 2025-05-15 00:56:43,756 basehttp 56770 6325039104 "GET /accounts/register/ HTTP/1.1" 200 14051
INFO 2025-05-15 00:58:22,314 basehttp 56770 6325039104 "GET /accounts/register/ HTTP/1.1" 200 14051
INFO 2025-05-15 00:58:22,894 basehttp 56770 6325039104 "GET /accounts/register/ HTTP/1.1" 200 14050
INFO 2025-05-15 00:58:23,342 basehttp 56770 6325039104 "GET /accounts/register/ HTTP/1.1" 200 14049
INFO 2025-05-15 00:58:23,668 basehttp 56770 6325039104 "GET /accounts/register/ HTTP/1.1" 200 14051
INFO 2025-05-15 00:58:23,831 basehttp 56770 6325039104 "GET /accounts/register/ HTTP/1.1" 200 14051
INFO 2025-05-15 00:58:24,689 basehttp 56770 6325039104 "GET /accounts/login/ HTTP/1.1" 200 13339
INFO 2025-05-15 00:58:27,531 basehttp 56770 6325039104 "GET /accounts/register/ HTTP/1.1" 200 14051
INFO 2025-05-15 00:58:27,734 basehttp 56770 6325039104 "GET /accounts/register/ HTTP/1.1" 200 14051
INFO 2025-05-15 00:58:27,902 basehttp 56770 6325039104 "GET /accounts/register/ HTTP/1.1" 200 14051
INFO 2025-05-15 00:58:29,215 basehttp 56770 6325039104 "GET /accounts/login/ HTTP/1.1" 200 13337
INFO 2025-05-15 00:58:30,707 basehttp 56770 6325039104 "GET /accounts/login/ HTTP/1.1" 200 13339
INFO 2025-05-15 00:58:32,183 basehttp 56770 6325039104 "GET /accounts/login/ HTTP/1.1" 200 13339
INFO 2025-05-15 00:58:32,202 basehttp 56770 6325039104 "GET /static/css/viva-design-system.css HTTP/1.1" 200 7742
INFO 2025-05-15 00:58:32,207 basehttp 56770 6358691840 "GET /static/debug_toolbar/js/toolbar.js HTTP/1.1" 200 13578
INFO 2025-05-15 00:58:32,209 basehttp 56770 6375518208 "GET /static/img/vivacrm-logo.png HTTP/1.1" 200 12963
INFO 2025-05-15 00:58:32,209 basehttp 56770 6341865472 "GET /static/js/lib/htmx.min.js HTTP/1.1" 200 47755
INFO 2025-05-15 00:58:32,211 basehttp 56770 6392344576 "GET /static/debug_toolbar/css/toolbar.css HTTP/1.1" 200 12621
INFO 2025-05-15 00:58:32,212 basehttp 56770 6325039104 "GET /static/css/dist/main.css HTTP/1.1" 200 163630
INFO 2025-05-15 00:58:32,214 basehttp 56770 6325039104 "GET /static/js/lib/alpine.min.js HTTP/1.1" 200 43838
INFO 2025-05-15 00:58:32,216 basehttp 56770 6325039104 "GET /static/debug_toolbar/css/print.css HTTP/1.1" 200 43
INFO 2025-05-15 00:58:32,220 basehttp 56770 6325039104 "GET /static/debug_toolbar/js/utils.js HTTP/1.1" 200 4527
WARNING 2025-05-15 00:58:32,241 basehttp 56770 6325039104 "GET /favicon.ico HTTP/1.1" 404 13450
INFO 2025-05-15 00:58:32,895 basehttp 56770 6325039104 "GET /accounts/login/ HTTP/1.1" 200 13339
INFO 2025-05-15 00:58:32,916 basehttp 56770 6325039104 "GET /static/css/viva-design-system.css HTTP/1.1" 200 7742
INFO 2025-05-15 00:58:32,918 basehttp 56770 6375518208 "GET /static/img/vivacrm-logo.png HTTP/1.1" 200 12963
INFO 2025-05-15 00:58:32,919 basehttp 56770 6358691840 "GET /static/debug_toolbar/js/toolbar.js HTTP/1.1" 200 13578
INFO 2025-05-15 00:58:32,920 basehttp 56770 6392344576 "GET /static/js/lib/htmx.min.js HTTP/1.1" 200 47755
INFO 2025-05-15 00:58:32,921 basehttp 56770 6409170944 "GET /static/debug_toolbar/css/toolbar.css HTTP/1.1" 200 12621
INFO 2025-05-15 00:58:32,922 basehttp 56770 6341865472 "GET /static/css/dist/main.css HTTP/1.1" 200 163630
INFO 2025-05-15 00:58:32,923 basehttp 56770 6392344576 "GET /static/js/lib/alpine.min.js HTTP/1.1" 200 43838
INFO 2025-05-15 00:58:32,925 basehttp 56770 6392344576 "GET /static/debug_toolbar/css/print.css HTTP/1.1" 200 43
INFO 2025-05-15 00:58:32,933 basehttp 56770 6392344576 "GET /static/debug_toolbar/js/utils.js HTTP/1.1" 200 4527
WARNING 2025-05-15 00:58:32,951 basehttp 56770 6392344576 "GET /favicon.ico HTTP/1.1" 404 13450
INFO 2025-05-15 00:58:35,123 basehttp 56770 6392344576 "GET /accounts/register/ HTTP/1.1" 200 14051
INFO 2025-05-15 00:58:35,142 basehttp 56770 6392344576 "GET /static/css/dist/main.css HTTP/1.1" 304 0
INFO 2025-05-15 00:58:36,388 basehttp 56770 6392344576 "GET /accounts/login/ HTTP/1.1" 200 13339
INFO 2025-05-15 00:58:36,598 basehttp 56770 6392344576 "GET /__debug__/history_sidebar/?store_id=ca221b71003c46ef8e543f2eb0f04bb9 HTTP/1.1" 200 9515
INFO 2025-05-15 00:58:37,261 basehttp 56770 6392344576 "GET /accounts/password-reset/ HTTP/1.1" 200 12149
INFO 2025-05-15 00:58:38,440 basehttp 56770 6325039104 "GET /accounts/login/ HTTP/1.1" 200 13337
INFO 2025-05-15 00:58:38,652 basehttp 56770 6325039104 "GET /__debug__/history_sidebar/?store_id=7ba753036cb34978921444f6ce2669d7 HTTP/1.1" 200 9513
INFO 2025-05-15 00:58:49,416 basehttp 56770 6325039104 "POST /accounts/login/ HTTP/1.1" 302 0
INFO 2025-05-15 00:58:49,470 basehttp 56770 6325039104 "GET /dashboard/ HTTP/1.1" 200 31489
INFO 2025-05-15 00:58:49,504 basehttp 56770 6358691840 "GET /static/images/default-avatar.png HTTP/1.1" 304 0
INFO 2025-05-15 00:58:49,504 basehttp 56770 6375518208 "GET /static/js/dist/main.js HTTP/1.1" 304 0
INFO 2025-05-15 00:58:49,504 basehttp 56770 6341865472 "GET /static/css/dist/main.css HTTP/1.1" 304 0
WARNING 2025-05-15 00:58:49,522 basehttp 56770 6325039104 "GET /dashboard/images/default-avatar.png HTTP/1.1" 404 13611
INFO 2025-05-15 00:58:49,535 basehttp 56770 6325039104 "GET /static/img/logo-light.svg HTTP/1.1" 200 1699
INFO 2025-05-15 00:58:49,558 basehttp 56770 6325039104 "GET /static/img/favicon.ico HTTP/1.1" 200 4534
INFO 2025-05-15 01:06:56,573 basehttp 56770 6325039104 "GET /dashboard/ HTTP/1.1" 200 34639
INFO 2025-05-15 01:06:56,604 basehttp 56770 6341865472 "GET /static/css/viva-design-system.css HTTP/1.1" 304 0
INFO 2025-05-15 01:06:56,620 basehttp 56770 6358691840 "GET /static/css/dist/main.css HTTP/1.1" 200 164066
WARNING 2025-05-15 01:06:56,630 basehttp 56770 6325039104 "GET /dashboard/images/default-avatar.png HTTP/1.1" 404 13611
INFO 2025-05-15 01:06:56,649 basehttp 56770 6325039104 "GET /static/img/logo-light.svg HTTP/1.1" 304 0
INFO 2025-05-15 01:06:56,659 basehttp 56770 6325039104 "GET /static/img/favicon.ico HTTP/1.1" 304 0
INFO 2025-05-15 01:06:57,282 basehttp 56770 6325039104 "GET /dashboard/ HTTP/1.1" 200 34639
WARNING 2025-05-15 01:06:57,326 basehttp 56770 6325039104 "GET /dashboard/images/default-avatar.png HTTP/1.1" 404 13611
INFO 2025-05-15 01:10:46,828 basehttp 56770 6325039104 "GET /dashboard/ HTTP/1.1" 200 34639
WARNING 2025-05-15 01:10:46,858 basehttp 56770 6325039104 "GET /dashboard/images/default-avatar.png HTTP/1.1" 404 13611
INFO 2025-05-15 01:10:47,015 basehttp 56770 6325039104 "GET /dashboard/ HTTP/1.1" 200 34639
WARNING 2025-05-15 01:10:47,041 basehttp 56770 6325039104 "GET /dashboard/images/default-avatar.png HTTP/1.1" 404 13611
INFO 2025-05-15 01:10:47,224 basehttp 56770 6325039104 "GET /__debug__/history_sidebar/?store_id=369fd600051f4e08a598796ee58d1062 HTTP/1.1" 200 9518
INFO 2025-05-15 01:10:47,699 basehttp 56770 6325039104 "GET /dashboard/ HTTP/1.1" 200 34639
WARNING 2025-05-15 01:10:47,733 basehttp 56770 6325039104 "GET /dashboard/images/default-avatar.png HTTP/1.1" 404 13611
INFO 2025-05-15 01:10:47,907 basehttp 56770 6325039104 "GET /__debug__/history_sidebar/?store_id=1faeb28c84ce477fa4cc05977074ef1a HTTP/1.1" 200 9518
INFO 2025-05-15 01:10:47,921 basehttp 56770 6341865472 "GET /dashboard/ HTTP/1.1" 200 34639
WARNING 2025-05-15 01:10:47,947 basehttp 56770 6341865472 "GET /dashboard/images/default-avatar.png HTTP/1.1" 404 13611
INFO 2025-05-15 01:10:48,127 basehttp 56770 6341865472 "GET /__debug__/history_sidebar/?store_id=2db7c3dc3b044471ad61821b2abb37d3 HTTP/1.1" 200 9518
INFO 2025-05-15 01:10:51,215 basehttp 56770 6341865472 "GET /dashboard/ HTTP/1.1" 200 34639
WARNING 2025-05-15 01:10:51,242 basehttp 56770 6341865472 "GET /dashboard/images/default-avatar.png HTTP/1.1" 404 13611
INFO 2025-05-15 01:10:51,366 basehttp 56770 6341865472 "GET /dashboard/ HTTP/1.1" 200 34639
WARNING 2025-05-15 01:10:51,393 basehttp 56770 6341865472 "GET /dashboard/images/default-avatar.png HTTP/1.1" 404 13611
INFO 2025-05-15 01:10:51,573 basehttp 56770 6341865472 "GET /__debug__/history_sidebar/?store_id=51ca983775f745a18f86db7fb8084184 HTTP/1.1" 200 9518
ERROR 2025-05-15 01:12:25,009 basehttp 56770 6325039104 "GET /customers/ HTTP/1.1" 500 241927
INFO 2025-05-15 01:12:26,585 basehttp 56770 6325039104 "GET /static/img/favicon.ico HTTP/1.1" 304 0
INFO 2025-05-15 01:12:27,204 basehttp 56770 6325039104 "GET /orders/ HTTP/1.1" 200 32061
INFO 2025-05-15 01:12:27,225 basehttp 56770 6325039104 "GET /static/css/viva-design-system.css HTTP/1.1" 304 0
INFO 2025-05-15 01:12:27,226 basehttp 56770 6358691840 "GET /static/js/dist/main.js HTTP/1.1" 304 0
INFO 2025-05-15 01:12:27,227 basehttp 56770 6375518208 "GET /static/js/lib/htmx.min.js HTTP/1.1" 304 0
INFO 2025-05-15 01:12:27,236 basehttp 56770 6409170944 "GET /static/js/lib/alpine.min.js HTTP/1.1" 304 0
INFO 2025-05-15 01:12:27,236 basehttp 56770 6341865472 "GET /static/css/dist/main.css HTTP/1.1" 200 164111
INFO 2025-05-15 01:12:27,243 basehttp 56770 6341865472 "GET /static/img/logo-light.svg HTTP/1.1" 304 0
WARNING 2025-05-15 01:12:27,243 basehttp 56770 6392344576 "GET /orders/images/default-avatar.png HTTP/1.1" 404 16239
ERROR 2025-05-15 01:12:31,666 basehttp 56770 6325039104 "GET /products/ HTTP/1.1" 500 246419
ERROR 2025-05-15 01:12:34,275 basehttp 56770 6325039104 "GET /reports/ HTTP/1.1" 500 103084
INFO 2025-05-15 01:12:36,587 basehttp 56770 6325039104 "GET /dashboard/ HTTP/1.1" 200 35489
INFO 2025-05-15 01:12:36,609 basehttp 56770 6341865472 "GET /static/css/dist/main.css HTTP/1.1" 304 0
WARNING 2025-05-15 01:12:36,632 basehttp 56770 6325039104 "GET /dashboard/images/default-avatar.png HTTP/1.1" 404 13611
INFO 2025-05-15 01:20:40,096 basehttp 56770 6325039104 "GET /dashboard/ HTTP/1.1" 200 35489
INFO 2025-05-15 01:20:40,121 basehttp 56770 6341865472 "GET /static/css/viva-design-system.css HTTP/1.1" 304 0
INFO 2025-05-15 01:20:40,123 basehttp 56770 6358691840 "GET /static/css/dist/main.css HTTP/1.1" 304 0
INFO 2025-05-15 01:20:40,149 basehttp 56770 6358691840 "GET /static/img/logo-light.svg HTTP/1.1" 304 0
WARNING 2025-05-15 01:20:40,158 basehttp 56770 6325039104 "GET /dashboard/images/default-avatar.png HTTP/1.1" 404 13611
INFO 2025-05-15 01:20:40,176 basehttp 56770 6325039104 "GET /static/img/favicon.ico HTTP/1.1" 304 0
INFO 2025-05-15 01:20:41,259 basehttp 56770 6325039104 "GET /dashboard/ HTTP/1.1" 200 35489
WARNING 2025-05-15 01:20:41,297 basehttp 56770 6325039104 "GET /dashboard/images/default-avatar.png HTTP/1.1" 404 13611
INFO 2025-05-15 01:20:42,304 basehttp 56770 6325039104 "GET /dashboard/ HTTP/1.1" 200 35489
WARNING 2025-05-15 01:20:42,351 basehttp 56770 6325039104 "GET /dashboard/images/default-avatar.png HTTP/1.1" 404 13611
INFO 2025-05-15 01:20:45,302 basehttp 56770 6325039104 "GET /dashboard/ HTTP/1.1" 200 35489
WARNING 2025-05-15 01:20:45,341 basehttp 56770 6325039104 "GET /dashboard/images/default-avatar.png HTTP/1.1" 404 13611
INFO 2025-05-15 01:23:02,173 basehttp 56770 6325039104 "GET /dashboard/ HTTP/1.1" 200 35489
INFO 2025-05-15 01:23:02,202 basehttp 56770 6341865472 "GET /static/css/dist/main.css HTTP/1.1" 304 0
WARNING 2025-05-15 01:23:02,232 basehttp 56770 6325039104 "GET /dashboard/images/default-avatar.png HTTP/1.1" 404 13611
INFO 2025-05-15 01:23:02,776 basehttp 56770 6325039104 "GET /dashboard/ HTTP/1.1" 200 35489
WARNING 2025-05-15 01:23:02,814 basehttp 56770 6325039104 "GET /dashboard/images/default-avatar.png HTTP/1.1" 404 13611
INFO 2025-05-15 01:23:02,975 basehttp 56770 6325039104 "GET /dashboard/ HTTP/1.1" 200 35489
WARNING 2025-05-15 01:23:03,008 basehttp 56770 6325039104 "GET /dashboard/images/default-avatar.png HTTP/1.1" 404 13611
INFO 2025-05-15 01:26:16,868 basehttp 56770 6325039104 "GET /dashboard/ HTTP/1.1" 200 41428
INFO 2025-05-15 01:26:16,894 basehttp 56770 6341865472 "GET /static/js/lib/htmx.min.js HTTP/1.1" 304 0
INFO 2025-05-15 01:26:16,895 basehttp 56770 6325039104 "GET /static/css/dist/main.css HTTP/1.1" 200 164335
INFO 2025-05-15 01:26:16,905 basehttp 56770 6325039104 "GET /static/js/dist/main.js HTTP/1.1" 304 0
INFO 2025-05-15 01:26:16,910 basehttp 56770 6341865472 "GET /static/js/lib/alpine.min.js HTTP/1.1" 304 0
WARNING 2025-05-15 01:26:16,939 basehttp 56770 6358691840 "GET /dashboard/images/default-avatar.png HTTP/1.1" 404 13611
INFO 2025-05-15 01:26:16,946 basehttp 56770 6358691840 "GET /static/img/favicon.ico HTTP/1.1" 304 0
INFO 2025-05-15 01:26:19,096 basehttp 56770 6358691840 "GET /dashboard/ HTTP/1.1" 200 41428
WARNING 2025-05-15 01:26:19,148 basehttp 56770 6358691840 "GET /dashboard/images/default-avatar.png HTTP/1.1" 404 13611
INFO 2025-05-15 01:26:20,730 basehttp 56770 6325039104 "GET /dashboard/ HTTP/1.1" 200 41428
WARNING 2025-05-15 01:26:20,766 basehttp 56770 6325039104 "GET /dashboard/images/default-avatar.png HTTP/1.1" 404 13611
INFO 2025-05-15 01:26:33,466 basehttp 56770 6325039104 "GET /static/img/logo-dark.svg HTTP/1.1" 200 1699
INFO 2025-05-15 01:31:09,638 basehttp 56770 6325039104 "GET /dashboard/ HTTP/1.1" 200 41428
INFO 2025-05-15 01:31:09,660 basehttp 56770 6341865472 "GET /static/css/viva-design-system.css HTTP/1.1" 304 0
INFO 2025-05-15 01:31:09,661 basehttp 56770 6358691840 "GET /static/css/dist/main.css HTTP/1.1" 304 0
INFO 2025-05-15 01:31:09,669 basehttp 56770 6358691840 "GET /static/img/logo-light.svg HTTP/1.1" 304 0
WARNING 2025-05-15 01:31:09,683 basehttp 56770 6325039104 "GET /dashboard/images/default-avatar.png HTTP/1.1" 404 13611
INFO 2025-05-15 01:31:10,276 basehttp 56770 6325039104 "GET /dashboard/ HTTP/1.1" 200 41428
WARNING 2025-05-15 01:31:10,316 basehttp 56770 6325039104 "GET /dashboard/images/default-avatar.png HTTP/1.1" 404 13611
INFO 2025-05-15 01:31:10,780 basehttp 56770 6325039104 "GET /dashboard/ HTTP/1.1" 200 41428
WARNING 2025-05-15 01:31:10,814 basehttp 56770 6325039104 "GET /dashboard/images/default-avatar.png HTTP/1.1" 404 13611
INFO 2025-05-15 01:31:15,710 basehttp 56770 6325039104 "GET /orders/new/ HTTP/1.1" 200 45451
WARNING 2025-05-15 01:31:15,744 basehttp 56770 6325039104 "GET /orders/new/images/default-avatar.png HTTP/1.1" 404 16255
INFO 2025-05-15 01:31:18,294 basehttp 56770 6325039104 "GET /dashboard/ HTTP/1.1" 200 41428
WARNING 2025-05-15 01:31:18,335 basehttp 56770 6325039104 "GET /dashboard/images/default-avatar.png HTTP/1.1" 404 13611
INFO 2025-05-15 01:31:22,316 basehttp 56770 6325039104 "GET /products/new/ HTTP/1.1" 200 43049
WARNING 2025-05-15 01:31:22,350 basehttp 56770 6325039104 "GET /products/new/images/default-avatar.png HTTP/1.1" 404 19492
ERROR 2025-05-15 01:31:24,768 basehttp 56770 6325039104 "GET /reports/ HTTP/1.1" 500 103090
INFO 2025-05-15 01:31:35,447 basehttp 56770 6325039104 "GET /dashboard/ HTTP/1.1" 200 41428
WARNING 2025-05-15 01:31:35,485 basehttp 56770 6325039104 "GET /dashboard/images/default-avatar.png HTTP/1.1" 404 13611
INFO 2025-05-15 01:31:37,414 basehttp 56770 6325039104 "GET /dashboard/ HTTP/1.1" 200 41428
WARNING 2025-05-15 01:31:37,447 basehttp 56770 6325039104 "GET /dashboard/images/default-avatar.png HTTP/1.1" 404 13611
INFO 2025-05-15 01:31:39,113 basehttp 56770 6325039104 "GET /dashboard/ HTTP/1.1" 200 41428
WARNING 2025-05-15 01:31:39,144 basehttp 56770 6325039104 "GET /dashboard/images/default-avatar.png HTTP/1.1" 404 13611
INFO 2025-05-15 01:31:40,815 basehttp 56770 6325039104 "GET /dashboard/ HTTP/1.1" 200 41428
WARNING 2025-05-15 01:31:40,851 basehttp 56770 6325039104 "GET /dashboard/images/default-avatar.png HTTP/1.1" 404 13611
ERROR 2025-05-15 01:31:41,603 basehttp 56770 6325039104 "GET /products/ HTTP/1.1" 500 251209
INFO 2025-05-15 01:34:06,613 basehttp 56770 6325039104 "GET /dashboard/ HTTP/1.1" 200 41877
INFO 2025-05-15 01:34:06,650 basehttp 56770 6325039104 "GET /static/debug_toolbar/css/toolbar.css HTTP/1.1" 200 12621
INFO 2025-05-15 01:34:06,654 basehttp 56770 6375518208 "GET /static/js/dist/main.js HTTP/1.1" 200 5073
INFO 2025-05-15 01:34:06,658 basehttp 56770 6325039104 "GET /static/js/lib/htmx.min.js HTTP/1.1" 200 47755
INFO 2025-05-15 01:34:06,660 basehttp 56770 6341865472 "GET /static/css/viva-design-system.css HTTP/1.1" 200 7742
INFO 2025-05-15 01:34:06,667 basehttp 56770 6392344576 "GET /static/debug_toolbar/js/toolbar.js HTTP/1.1" 200 13578
INFO 2025-05-15 01:34:06,669 basehttp 56770 6358691840 "GET /static/css/dist/main.css HTTP/1.1" 200 164838
INFO 2025-05-15 01:34:06,670 basehttp 56770 6409170944 "GET /static/img/vivacrm-logo.png HTTP/1.1" 200 12963
INFO 2025-05-15 01:34:06,671 basehttp 56770 6375518208 "GET /static/js/lib/alpine.min.js HTTP/1.1" 200 43838
INFO 2025-05-15 01:34:06,856 basehttp 56770 6375518208 "GET /static/debug_toolbar/js/utils.js HTTP/1.1" 200 4527
INFO 2025-05-15 01:34:06,857 basehttp 56770 6409170944 "GET /static/debug_toolbar/css/print.css HTTP/1.1" 200 43
INFO 2025-05-15 01:34:06,873 basehttp 56770 6409170944 "GET /static/img/favicon.ico HTTP/1.1" 200 4534
INFO 2025-05-15 01:34:08,181 basehttp 56770 6409170944 "GET /dashboard/ HTTP/1.1" 200 41877
INFO 2025-05-15 01:34:08,205 basehttp 56770 6409170944 "GET /static/css/viva-design-system.css HTTP/1.1" 200 7742
INFO 2025-05-15 01:34:08,207 basehttp 56770 6358691840 "GET /static/js/dist/main.js HTTP/1.1" 200 5073
INFO 2025-05-15 01:34:08,208 basehttp 56770 6392344576 "GET /static/img/vivacrm-logo.png HTTP/1.1" 200 12963
INFO 2025-05-15 01:34:08,208 basehttp 56770 6325039104 "GET /static/debug_toolbar/css/toolbar.css HTTP/1.1" 200 12621
INFO 2025-05-15 01:34:08,209 basehttp 56770 6341865472 "GET /static/debug_toolbar/js/toolbar.js HTTP/1.1" 200 13578
INFO 2025-05-15 01:34:08,212 basehttp 56770 6409170944 "GET /static/js/lib/htmx.min.js HTTP/1.1" 200 47755
INFO 2025-05-15 01:34:08,213 basehttp 56770 6358691840 "GET /static/js/lib/alpine.min.js HTTP/1.1" 200 43838
INFO 2025-05-15 01:34:08,214 basehttp 56770 6375518208 "GET /static/css/dist/main.css HTTP/1.1" 200 164838
INFO 2025-05-15 01:34:08,358 basehttp 56770 6375518208 "GET /static/debug_toolbar/css/print.css HTTP/1.1" 200 43
INFO 2025-05-15 01:34:08,359 basehttp 56770 6358691840 "GET /static/debug_toolbar/js/utils.js HTTP/1.1" 200 4527
INFO 2025-05-15 01:34:08,374 basehttp 56770 6358691840 "GET /static/img/favicon.ico HTTP/1.1" 200 4534
INFO 2025-05-15 01:39:00,177 basehttp 56770 6325039104 "GET /dashboard/ HTTP/1.1" 200 41851
INFO 2025-05-15 01:39:00,202 basehttp 56770 6325039104 "GET /static/css/viva-design-system.css HTTP/1.1" 200 7742
INFO 2025-05-15 01:39:00,203 basehttp 56770 6358691840 "GET /static/debug_toolbar/css/toolbar.css HTTP/1.1" 200 12621
INFO 2025-05-15 01:39:00,204 basehttp 56770 6375518208 "GET /static/js/dist/main.js HTTP/1.1" 200 5073
INFO 2025-05-15 01:39:00,207 basehttp 56770 6392344576 "GET /static/debug_toolbar/js/toolbar.js HTTP/1.1" 200 13578
INFO 2025-05-15 01:39:00,208 basehttp 56770 6409170944 "GET /static/img/vivacrm-logo.png HTTP/1.1" 200 12963
INFO 2025-05-15 01:39:00,209 basehttp 56770 6325039104 "GET /static/js/lib/htmx.min.js HTTP/1.1" 200 47755
INFO 2025-05-15 01:39:00,211 basehttp 56770 6358691840 "GET /static/js/lib/alpine.min.js HTTP/1.1" 200 43838
INFO 2025-05-15 01:39:00,211 basehttp 56770 6341865472 "GET /static/css/dist/main.css HTTP/1.1" 200 164838
INFO 2025-05-15 01:39:00,542 basehttp 56770 6358691840 "GET /static/debug_toolbar/js/utils.js HTTP/1.1" 200 4527
INFO 2025-05-15 01:39:00,543 basehttp 56770 6341865472 "GET /static/debug_toolbar/css/print.css HTTP/1.1" 200 43
INFO 2025-05-15 01:39:00,562 basehttp 56770 6341865472 "GET /static/img/favicon.ico HTTP/1.1" 200 4534
INFO 2025-05-15 01:39:01,313 basehttp 56770 6341865472 "GET /dashboard/ HTTP/1.1" 200 41851
INFO 2025-05-15 01:39:01,338 basehttp 56770 6325039104 "GET /static/js/dist/main.js HTTP/1.1" 200 5073
INFO 2025-05-15 01:39:01,339 basehttp 56770 6341865472 "GET /static/css/viva-design-system.css HTTP/1.1" 200 7742
INFO 2025-05-15 01:39:01,340 basehttp 56770 6375518208 "GET /static/debug_toolbar/js/toolbar.js HTTP/1.1" 200 13578
INFO 2025-05-15 01:39:01,342 basehttp 56770 6409170944 "GET /static/debug_toolbar/css/toolbar.css HTTP/1.1" 200 12621
INFO 2025-05-15 01:39:01,342 basehttp 56770 6392344576 "GET /static/img/vivacrm-logo.png HTTP/1.1" 200 12963
INFO 2025-05-15 01:39:01,343 basehttp 56770 6325039104 "GET /static/js/lib/htmx.min.js HTTP/1.1" 200 47755
INFO 2025-05-15 01:39:01,343 basehttp 56770 6358691840 "GET /static/css/dist/main.css HTTP/1.1" 200 164838
INFO 2025-05-15 01:39:01,343 basehttp 56770 6341865472 "GET /static/js/lib/alpine.min.js HTTP/1.1" 200 43838
INFO 2025-05-15 01:39:01,420 basehttp 56770 6341865472 "GET /static/debug_toolbar/css/print.css HTTP/1.1" 200 43
INFO 2025-05-15 01:39:01,439 basehttp 56770 6341865472 "GET /static/debug_toolbar/js/utils.js HTTP/1.1" 200 4527
INFO 2025-05-15 01:39:01,452 basehttp 56770 6341865472 "GET /static/img/favicon.ico HTTP/1.1" 200 4534
INFO 2025-05-15 01:39:03,844 basehttp 56770 6325039104 "GET /dashboard/ HTTP/1.1" 200 41851
INFO 2025-05-15 01:39:03,865 basehttp 56770 6325039104 "GET /static/css/viva-design-system.css HTTP/1.1" 200 7742
INFO 2025-05-15 01:39:03,867 basehttp 56770 6358691840 "GET /static/js/dist/main.js HTTP/1.1" 200 5073
INFO 2025-05-15 01:39:03,868 basehttp 56770 6375518208 "GET /static/debug_toolbar/js/toolbar.js HTTP/1.1" 200 13578
INFO 2025-05-15 01:39:03,869 basehttp 56770 6392344576 "GET /static/img/vivacrm-logo.png HTTP/1.1" 200 12963
INFO 2025-05-15 01:39:03,870 basehttp 56770 6409170944 "GET /static/debug_toolbar/css/toolbar.css HTTP/1.1" 200 12621
INFO 2025-05-15 01:39:03,871 basehttp 56770 6358691840 "GET /static/js/lib/alpine.min.js HTTP/1.1" 200 43838
INFO 2025-05-15 01:39:03,871 basehttp 56770 6325039104 "GET /static/js/lib/htmx.min.js HTTP/1.1" 200 47755
INFO 2025-05-15 01:39:03,873 basehttp 56770 6341865472 "GET /static/css/dist/main.css HTTP/1.1" 200 164838
INFO 2025-05-15 01:39:04,243 basehttp 56770 6341865472 "GET /static/debug_toolbar/css/print.css HTTP/1.1" 200 43
INFO 2025-05-15 01:39:04,264 basehttp 56770 6341865472 "GET /static/debug_toolbar/js/utils.js HTTP/1.1" 200 4527
INFO 2025-05-15 01:39:04,278 basehttp 56770 6341865472 "GET /static/img/favicon.ico HTTP/1.1" 200 4534
INFO 2025-05-15 01:40:43,648 basehttp 56770 6325039104 "GET /dashboard/ HTTP/1.1" 200 41851
INFO 2025-05-15 01:40:43,708 basehttp 56770 6341865472 "GET /static/js/dist/main.js HTTP/1.1" 200 5073
INFO 2025-05-15 01:40:43,722 basehttp 56770 6325039104 "GET /static/css/viva-design-system.css HTTP/1.1" 200 7742
INFO 2025-05-15 01:40:43,731 basehttp 56770 6375518208 "GET /static/debug_toolbar/js/toolbar.js HTTP/1.1" 200 13578
INFO 2025-05-15 01:40:43,732 basehttp 56770 6341865472 "GET /static/js/lib/htmx.min.js HTTP/1.1" 200 47755
INFO 2025-05-15 01:40:43,733 basehttp 56770 6358691840 "GET /static/css/dist/main.css HTTP/1.1" 200 164838
INFO 2025-05-15 01:40:43,734 basehttp 56770 6392344576 "GET /static/img/vivacrm-logo.png HTTP/1.1" 200 12963
INFO 2025-05-15 01:40:43,736 basehttp 56770 6409170944 "GET /static/debug_toolbar/css/toolbar.css HTTP/1.1" 200 12621
INFO 2025-05-15 01:40:43,737 basehttp 56770 6325039104 "GET /static/js/lib/alpine.min.js HTTP/1.1" 200 43838
INFO 2025-05-15 01:40:43,899 basehttp 56770 6325039104 "GET /static/debug_toolbar/js/utils.js HTTP/1.1" 200 4527
INFO 2025-05-15 01:40:43,899 basehttp 56770 6409170944 "GET /static/debug_toolbar/css/print.css HTTP/1.1" 200 43
INFO 2025-05-15 01:40:43,916 basehttp 56770 6409170944 "GET /static/img/favicon.ico HTTP/1.1" 200 4534
INFO 2025-05-15 01:40:44,896 basehttp 56770 6409170944 "GET /dashboard/ HTTP/1.1" 200 41851
INFO 2025-05-15 01:40:44,912 basehttp 56770 6409170944 "GET /static/css/viva-design-system.css HTTP/1.1" 200 7742
INFO 2025-05-15 01:40:44,912 basehttp 56770 6392344576 "GET /static/js/dist/main.js HTTP/1.1" 200 5073
INFO 2025-05-15 01:40:44,913 basehttp 56770 6341865472 "GET /static/img/vivacrm-logo.png HTTP/1.1" 200 12963
INFO 2025-05-15 01:40:44,914 basehttp 56770 6358691840 "GET /static/debug_toolbar/js/toolbar.js HTTP/1.1" 200 13578
INFO 2025-05-15 01:40:44,916 basehttp 56770 6375518208 "GET /static/debug_toolbar/css/toolbar.css HTTP/1.1" 200 12621
INFO 2025-05-15 01:40:44,918 basehttp 56770 6358691840 "GET /static/js/lib/alpine.min.js HTTP/1.1" 200 43838
INFO 2025-05-15 01:40:44,918 basehttp 56770 6392344576 "GET /static/js/lib/htmx.min.js HTTP/1.1" 200 47755
INFO 2025-05-15 01:40:44,918 basehttp 56770 6325039104 "GET /static/css/dist/main.css HTTP/1.1" 200 164838
INFO 2025-05-15 01:40:45,007 basehttp 56770 6392344576 "GET /static/debug_toolbar/css/print.css HTTP/1.1" 200 43
INFO 2025-05-15 01:40:45,007 basehttp 56770 6325039104 "GET /static/debug_toolbar/js/utils.js HTTP/1.1" 200 4527
INFO 2025-05-15 01:40:45,021 basehttp 56770 6325039104 "GET /static/img/favicon.ico HTTP/1.1" 200 4534
INFO 2025-05-15 01:40:45,202 basehttp 56770 6325039104 "GET /dashboard/ HTTP/1.1" 200 41851
INFO 2025-05-15 01:40:45,221 basehttp 56770 6325039104 "GET /static/css/viva-design-system.css HTTP/1.1" 200 7742
INFO 2025-05-15 01:40:45,223 basehttp 56770 6358691840 "GET /static/js/dist/main.js HTTP/1.1" 200 5073
INFO 2025-05-15 01:40:45,224 basehttp 56770 6409170944 "GET /static/debug_toolbar/css/toolbar.css HTTP/1.1" 200 12621
INFO 2025-05-15 01:40:45,224 basehttp 56770 6341865472 "GET /static/img/vivacrm-logo.png HTTP/1.1" 200 12963
INFO 2025-05-15 01:40:45,225 basehttp 56770 6375518208 "GET /static/debug_toolbar/js/toolbar.js HTTP/1.1" 200 13578
INFO 2025-05-15 01:40:45,226 basehttp 56770 6325039104 "GET /static/js/lib/htmx.min.js HTTP/1.1" 200 47755
INFO 2025-05-15 01:40:45,226 basehttp 56770 6358691840 "GET /static/js/lib/alpine.min.js HTTP/1.1" 200 43838
INFO 2025-05-15 01:40:45,228 basehttp 56770 6392344576 "GET /static/css/dist/main.css HTTP/1.1" 200 164838
INFO 2025-05-15 01:40:45,321 basehttp 56770 6392344576 "GET /static/debug_toolbar/js/utils.js HTTP/1.1" 200 4527
INFO 2025-05-15 01:40:45,322 basehttp 56770 6358691840 "GET /static/debug_toolbar/css/print.css HTTP/1.1" 200 43
INFO 2025-05-15 01:40:45,335 basehttp 56770 6392344576 "GET /static/img/favicon.ico HTTP/1.1" 200 4534
INFO 2025-05-15 01:40:45,424 basehttp 56770 6392344576 "GET /dashboard/ HTTP/1.1" 200 41851
INFO 2025-05-15 01:40:45,440 basehttp 56770 6409170944 "GET /static/img/vivacrm-logo.png HTTP/1.1" 200 12963
INFO 2025-05-15 01:40:45,441 basehttp 56770 6341865472 "GET /static/css/viva-design-system.css HTTP/1.1" 200 7742
INFO 2025-05-15 01:40:45,441 basehttp 56770 6392344576 "GET /static/debug_toolbar/js/toolbar.js HTTP/1.1" 200 13578
INFO 2025-05-15 01:40:45,441 basehttp 56770 6375518208 "GET /static/js/dist/main.js HTTP/1.1" 200 5073
INFO 2025-05-15 01:40:45,443 basehttp 56770 6358691840 "GET /static/debug_toolbar/css/toolbar.css HTTP/1.1" 200 12621
INFO 2025-05-15 01:40:45,444 basehttp 56770 6392344576 "GET /static/js/lib/alpine.min.js HTTP/1.1" 200 43838
INFO 2025-05-15 01:40:45,444 basehttp 56770 6341865472 "GET /static/js/lib/htmx.min.js HTTP/1.1" 200 47755
INFO 2025-05-15 01:40:45,445 basehttp 56770 6325039104 "GET /static/css/dist/main.css HTTP/1.1" 200 164838
INFO 2025-05-15 01:40:45,538 basehttp 56770 6325039104 "GET /static/debug_toolbar/css/print.css HTTP/1.1" 200 43
INFO 2025-05-15 01:40:45,539 basehttp 56770 6392344576 "GET /static/debug_toolbar/js/utils.js HTTP/1.1" 200 4527
INFO 2025-05-15 01:40:45,552 basehttp 56770 6392344576 "GET /static/img/favicon.ico HTTP/1.1" 200 4534
INFO 2025-05-15 01:40:45,695 basehttp 56770 6392344576 "GET /dashboard/ HTTP/1.1" 200 41851
INFO 2025-05-15 01:40:45,706 basehttp 56770 6392344576 "GET /static/css/viva-design-system.css HTTP/1.1" 200 7742
INFO 2025-05-15 01:40:45,712 basehttp 56770 6358691840 "GET /static/debug_toolbar/js/toolbar.js HTTP/1.1" 200 13578
INFO 2025-05-15 01:40:45,713 basehttp 56770 6409170944 "GET /static/debug_toolbar/css/toolbar.css HTTP/1.1" 200 12621
INFO 2025-05-15 01:40:45,713 basehttp 56770 6375518208 "GET /static/img/vivacrm-logo.png HTTP/1.1" 200 12963
INFO 2025-05-15 01:40:45,713 basehttp 56770 6341865472 "GET /static/js/dist/main.js HTTP/1.1" 200 5073
INFO 2025-05-15 01:40:45,716 basehttp 56770 6392344576 "GET /static/js/lib/htmx.min.js HTTP/1.1" 200 47755
INFO 2025-05-15 01:40:45,716 basehttp 56770 6341865472 "GET /static/js/lib/alpine.min.js HTTP/1.1" 200 43838
INFO 2025-05-15 01:40:45,717 basehttp 56770 6325039104 "GET /static/css/dist/main.css HTTP/1.1" 200 164838
INFO 2025-05-15 01:40:45,794 basehttp 56770 6325039104 "GET /static/debug_toolbar/css/print.css HTTP/1.1" 200 43
INFO 2025-05-15 01:40:45,795 basehttp 56770 6341865472 "GET /static/debug_toolbar/js/utils.js HTTP/1.1" 200 4527
INFO 2025-05-15 01:40:45,807 basehttp 56770 6341865472 "GET /static/img/favicon.ico HTTP/1.1" 200 4534
INFO 2025-05-15 01:40:45,867 basehttp 56770 6341865472 "GET /dashboard/ HTTP/1.1" 200 41851
INFO 2025-05-15 01:40:45,885 basehttp 56770 6409170944 "GET /static/js/dist/main.js HTTP/1.1" 200 5073
INFO 2025-05-15 01:40:45,887 basehttp 56770 6358691840 "GET /static/debug_toolbar/css/toolbar.css HTTP/1.1" 200 12621
INFO 2025-05-15 01:40:45,888 basehttp 56770 6375518208 "GET /static/img/vivacrm-logo.png HTTP/1.1" 200 12963
INFO 2025-05-15 01:40:45,888 basehttp 56770 6392344576 "GET /static/css/viva-design-system.css HTTP/1.1" 200 7742
INFO 2025-05-15 01:40:45,889 basehttp 56770 6341865472 "GET /static/debug_toolbar/js/toolbar.js HTTP/1.1" 200 13578
INFO 2025-05-15 01:40:45,890 basehttp 56770 6358691840 "GET /static/js/lib/alpine.min.js HTTP/1.1" 200 43838
INFO 2025-05-15 01:40:45,891 basehttp 56770 6409170944 "GET /static/js/lib/htmx.min.js HTTP/1.1" 200 47755
INFO 2025-05-15 01:40:45,891 basehttp 56770 6325039104 "GET /static/css/dist/main.css HTTP/1.1" 200 164838
INFO 2025-05-15 01:40:45,970 basehttp 56770 6325039104 "GET /static/debug_toolbar/css/print.css HTTP/1.1" 200 43
INFO 2025-05-15 01:40:45,970 basehttp 56770 6358691840 "GET /static/debug_toolbar/js/utils.js HTTP/1.1" 200 4527
INFO 2025-05-15 01:40:45,985 basehttp 56770 6358691840 "GET /static/img/favicon.ico HTTP/1.1" 200 4534
INFO 2025-05-15 01:40:46,045 basehttp 56770 6358691840 "GET /dashboard/ HTTP/1.1" 200 41851
INFO 2025-05-15 01:40:46,060 basehttp 56770 6375518208 "GET /static/debug_toolbar/css/toolbar.css HTTP/1.1" 200 12621
INFO 2025-05-15 01:40:46,061 basehttp 56770 6325039104 "GET /static/js/dist/main.js HTTP/1.1" 200 5073
INFO 2025-05-15 01:40:46,062 basehttp 56770 6358691840 "GET /static/css/viva-design-system.css HTTP/1.1" 200 7742
INFO 2025-05-15 01:40:46,063 basehttp 56770 6392344576 "GET /static/img/vivacrm-logo.png HTTP/1.1" 200 12963
INFO 2025-05-15 01:40:46,064 basehttp 56770 6409170944 "GET /static/debug_toolbar/js/toolbar.js HTTP/1.1" 200 13578
INFO 2025-05-15 01:40:46,066 basehttp 56770 6358691840 "GET /static/js/lib/htmx.min.js HTTP/1.1" 200 47755
INFO 2025-05-15 01:40:46,067 basehttp 56770 6325039104 "GET /static/js/lib/alpine.min.js HTTP/1.1" 200 43838
INFO 2025-05-15 01:40:46,068 basehttp 56770 6341865472 "GET /static/css/dist/main.css HTTP/1.1" 200 164838
INFO 2025-05-15 01:40:46,141 basehttp 56770 6325039104 "GET /static/debug_toolbar/js/utils.js HTTP/1.1" 200 4527
INFO 2025-05-15 01:40:46,143 basehttp 56770 6341865472 "GET /static/debug_toolbar/css/print.css HTTP/1.1" 200 43
INFO 2025-05-15 01:40:46,156 basehttp 56770 6341865472 "GET /static/img/favicon.ico HTTP/1.1" 200 4534
INFO 2025-05-15 01:40:52,280 basehttp 56770 6325039104 "GET /dashboard/ HTTP/1.1" 200 41851
INFO 2025-05-15 01:40:52,298 basehttp 56770 6358691840 "GET /static/js/dist/main.js HTTP/1.1" 200 5073
INFO 2025-05-15 01:40:52,300 basehttp 56770 6325039104 "GET /static/css/viva-design-system.css HTTP/1.1" 200 7742
INFO 2025-05-15 01:40:52,301 basehttp 56770 6392344576 "GET /static/debug_toolbar/css/toolbar.css HTTP/1.1" 200 12621
INFO 2025-05-15 01:40:52,302 basehttp 56770 6375518208 "GET /static/img/vivacrm-logo.png HTTP/1.1" 200 12963
INFO 2025-05-15 01:40:52,303 basehttp 56770 6325039104 "GET /static/js/lib/htmx.min.js HTTP/1.1" 200 47755
INFO 2025-05-15 01:40:52,303 basehttp 56770 6358691840 "GET /static/js/lib/alpine.min.js HTTP/1.1" 200 43838
INFO 2025-05-15 01:40:52,304 basehttp 56770 6409170944 "GET /static/debug_toolbar/js/toolbar.js HTTP/1.1" 200 13578
INFO 2025-05-15 01:40:52,305 basehttp 56770 6341865472 "GET /static/css/dist/main.css HTTP/1.1" 200 164838
INFO 2025-05-15 01:40:52,508 basehttp 56770 6341865472 "GET /static/debug_toolbar/css/print.css HTTP/1.1" 200 43
INFO 2025-05-15 01:40:52,509 basehttp 56770 6409170944 "GET /static/debug_toolbar/js/utils.js HTTP/1.1" 200 4527
INFO 2025-05-15 01:40:52,527 basehttp 56770 6409170944 "GET /static/img/favicon.ico HTTP/1.1" 200 4534
ERROR 2025-05-15 01:40:54,369 basehttp 56770 6325039104 "GET /products/ HTTP/1.1" 500 258404
WARNING 2025-05-15 01:40:54,481 basehttp 56770 6325039104 "GET /favicon.ico HTTP/1.1" 404 13448
ERROR 2025-05-15 01:40:56,663 basehttp 56770 6325039104 "GET /customers/ HTTP/1.1" 500 254584
ERROR 2025-05-15 01:40:58,956 basehttp 56770 6325039104 "GET /reports/ HTTP/1.1" 500 103087
INFO 2025-05-15 01:42:55,293 basehttp 56770 6325039104 "GET /dashboard/ HTTP/1.1" 200 41851
INFO 2025-05-15 01:42:55,324 basehttp 56770 6341865472 "GET /static/debug_toolbar/css/toolbar.css HTTP/1.1" 200 12621
INFO 2025-05-15 01:42:55,325 basehttp 56770 6325039104 "GET /static/css/viva-design-system.css HTTP/1.1" 200 7742
INFO 2025-05-15 01:42:55,326 basehttp 56770 6358691840 "GET /static/js/dist/main.js HTTP/1.1" 200 5073
INFO 2025-05-15 01:42:55,330 basehttp 56770 6375518208 "GET /static/debug_toolbar/js/toolbar.js HTTP/1.1" 200 13578
INFO 2025-05-15 01:42:55,331 basehttp 56770 6392344576 "GET /static/img/vivacrm-logo.png HTTP/1.1" 200 12963
INFO 2025-05-15 01:42:55,335 basehttp 56770 6325039104 "GET /static/js/lib/alpine.min.js HTTP/1.1" 200 43838
INFO 2025-05-15 01:42:55,336 basehttp 56770 6341865472 "GET /static/js/lib/htmx.min.js HTTP/1.1" 200 47755
INFO 2025-05-15 01:42:55,337 basehttp 56770 6409170944 "GET /static/css/dist/main.css HTTP/1.1" 200 164838
INFO 2025-05-15 01:42:55,588 basehttp 56770 6409170944 "GET /static/debug_toolbar/css/print.css HTTP/1.1" 200 43
INFO 2025-05-15 01:42:55,588 basehttp 56770 6341865472 "GET /static/debug_toolbar/js/utils.js HTTP/1.1" 200 4527
INFO 2025-05-15 01:42:55,608 basehttp 56770 6341865472 "GET /static/img/favicon.ico HTTP/1.1" 200 4534
INFO 2025-05-15 01:42:56,579 basehttp 56770 6341865472 "GET /dashboard/ HTTP/1.1" 200 41851
INFO 2025-05-15 01:42:56,604 basehttp 56770 6392344576 "GET /static/css/viva-design-system.css HTTP/1.1" 200 7742
INFO 2025-05-15 01:42:56,605 basehttp 56770 6358691840 "GET /static/img/vivacrm-logo.png HTTP/1.1" 200 12963
INFO 2025-05-15 01:42:56,606 basehttp 56770 6325039104 "GET /static/debug_toolbar/js/toolbar.js HTTP/1.1" 200 13578
INFO 2025-05-15 01:42:56,608 basehttp 56770 6409170944 "GET /static/js/dist/main.js HTTP/1.1" 200 5073
INFO 2025-05-15 01:42:56,609 basehttp 56770 6375518208 "GET /static/debug_toolbar/css/toolbar.css HTTP/1.1" 200 12621
INFO 2025-05-15 01:42:56,611 basehttp 56770 6341865472 "GET /static/css/dist/main.css HTTP/1.1" 200 164838
INFO 2025-05-15 01:42:56,611 basehttp 56770 6358691840 "GET /static/js/lib/alpine.min.js HTTP/1.1" 200 43838
INFO 2025-05-15 01:42:56,613 basehttp 56770 6325039104 "GET /static/js/lib/htmx.min.js HTTP/1.1" 200 47755
INFO 2025-05-15 01:42:56,680 basehttp 56770 6325039104 "GET /static/debug_toolbar/css/print.css HTTP/1.1" 200 43
INFO 2025-05-15 01:42:56,696 basehttp 56770 6325039104 "GET /static/debug_toolbar/js/utils.js HTTP/1.1" 200 4527
INFO 2025-05-15 01:42:56,706 basehttp 56770 6325039104 "GET /static/img/favicon.ico HTTP/1.1" 200 4534
INFO 2025-05-15 01:42:56,839 basehttp 56770 6325039104 "GET /dashboard/ HTTP/1.1" 200 41851
INFO 2025-05-15 01:42:56,859 basehttp 56770 6409170944 "GET /static/img/vivacrm-logo.png HTTP/1.1" 200 12963
INFO 2025-05-15 01:42:56,859 basehttp 56770 6325039104 "GET /static/css/viva-design-system.css HTTP/1.1" 200 7742
INFO 2025-05-15 01:42:56,862 basehttp 56770 6358691840 "GET /static/js/dist/main.js HTTP/1.1" 200 5073
INFO 2025-05-15 01:42:56,864 basehttp 56770 6392344576 "GET /static/debug_toolbar/css/toolbar.css HTTP/1.1" 200 12621
INFO 2025-05-15 01:42:56,865 basehttp 56770 6375518208 "GET /static/debug_toolbar/js/toolbar.js HTTP/1.1" 200 13578
INFO 2025-05-15 01:42:56,867 basehttp 56770 6358691840 "GET /static/js/lib/htmx.min.js HTTP/1.1" 200 47755
INFO 2025-05-15 01:42:56,868 basehttp 56770 6325039104 "GET /static/js/lib/alpine.min.js HTTP/1.1" 200 43838
INFO 2025-05-15 01:42:56,869 basehttp 56770 6341865472 "GET /static/css/dist/main.css HTTP/1.1" 200 164838
INFO 2025-05-15 01:42:56,942 basehttp 56770 6358691840 "GET /static/debug_toolbar/js/utils.js HTTP/1.1" 200 4527
INFO 2025-05-15 01:42:56,942 basehttp 56770 6341865472 "GET /static/debug_toolbar/css/print.css HTTP/1.1" 200 43
INFO 2025-05-15 01:42:56,959 basehttp 56770 6358691840 "GET /static/img/favicon.ico HTTP/1.1" 200 4534
INFO 2025-05-15 01:42:57,060 basehttp 56770 6358691840 "GET /dashboard/ HTTP/1.1" 200 41851
INFO 2025-05-15 01:42:57,075 basehttp 56770 6375518208 "GET /static/debug_toolbar/js/toolbar.js HTTP/1.1" 200 13578
INFO 2025-05-15 01:42:57,075 basehttp 56770 6325039104 "GET /static/js/dist/main.js HTTP/1.1" 200 5073
INFO 2025-05-15 01:42:57,076 basehttp 56770 6358691840 "GET /static/css/viva-design-system.css HTTP/1.1" 200 7742
INFO 2025-05-15 01:42:57,078 basehttp 56770 6392344576 "GET /static/img/vivacrm-logo.png HTTP/1.1" 200 12963
INFO 2025-05-15 01:42:57,079 basehttp 56770 6409170944 "GET /static/debug_toolbar/css/toolbar.css HTTP/1.1" 200 12621
INFO 2025-05-15 01:42:57,080 basehttp 56770 6358691840 "GET /static/js/lib/alpine.min.js HTTP/1.1" 200 43838
INFO 2025-05-15 01:42:57,080 basehttp 56770 6375518208 "GET /static/js/lib/htmx.min.js HTTP/1.1" 200 47755
INFO 2025-05-15 01:42:57,081 basehttp 56770 6341865472 "GET /static/css/dist/main.css HTTP/1.1" 200 164838
INFO 2025-05-15 01:42:57,159 basehttp 56770 6375518208 "GET /static/debug_toolbar/js/utils.js HTTP/1.1" 200 4527
INFO 2025-05-15 01:42:57,160 basehttp 56770 6341865472 "GET /static/debug_toolbar/css/print.css HTTP/1.1" 200 43
INFO 2025-05-15 01:42:57,179 basehttp 56770 6375518208 "GET /static/img/favicon.ico HTTP/1.1" 200 4534
INFO 2025-05-15 01:42:57,287 basehttp 56770 6375518208 "GET /dashboard/ HTTP/1.1" 200 41851
INFO 2025-05-15 01:42:57,303 basehttp 56770 6375518208 "GET /static/css/viva-design-system.css HTTP/1.1" 200 7742
INFO 2025-05-15 01:42:57,304 basehttp 56770 6392344576 "GET /static/debug_toolbar/css/toolbar.css HTTP/1.1" 200 12621
INFO 2025-05-15 01:42:57,305 basehttp 56770 6409170944 "GET /static/js/dist/main.js HTTP/1.1" 200 5073
INFO 2025-05-15 01:42:57,305 basehttp 56770 6358691840 "GET /static/img/vivacrm-logo.png HTTP/1.1" 200 12963
INFO 2025-05-15 01:42:57,306 basehttp 56770 6325039104 "GET /static/debug_toolbar/js/toolbar.js HTTP/1.1" 200 13578
INFO 2025-05-15 01:42:57,308 basehttp 56770 6375518208 "GET /static/js/lib/htmx.min.js HTTP/1.1" 200 47755
INFO 2025-05-15 01:42:57,308 basehttp 56770 6358691840 "GET /static/js/lib/alpine.min.js HTTP/1.1" 200 43838
INFO 2025-05-15 01:42:57,309 basehttp 56770 6341865472 "GET /static/css/dist/main.css HTTP/1.1" 200 164838
INFO 2025-05-15 01:42:57,381 basehttp 56770 6341865472 "GET /static/debug_toolbar/css/print.css HTTP/1.1" 200 43
INFO 2025-05-15 01:42:57,382 basehttp 56770 6358691840 "GET /static/debug_toolbar/js/utils.js HTTP/1.1" 200 4527
INFO 2025-05-15 01:42:57,398 basehttp 56770 6358691840 "GET /static/img/favicon.ico HTTP/1.1" 200 4534
INFO 2025-05-15 01:42:58,915 basehttp 56770 6325039104 "GET /dashboard/ HTTP/1.1" 200 41851
ERROR 2025-05-15 01:42:59,470 basehttp 56770 6325039104 "GET /customers/ HTTP/1.1" 500 254582
WARNING 2025-05-15 01:42:59,573 basehttp 56770 6325039104 "GET /favicon.ico HTTP/1.1" 404 13450
ERROR 2025-05-15 01:43:02,449 basehttp 56770 6325039104 "GET /products/ HTTP/1.1" 500 258404
INFO 2025-05-15 01:44:03,062 basehttp 56770 6325039104 "GET /products/ HTTP/1.1" 200 41699
INFO 2025-05-15 01:44:03,092 basehttp 56770 6325039104 "GET /static/css/viva-design-system.css HTTP/1.1" 200 7742
INFO 2025-05-15 01:44:03,094 basehttp 56770 6358691840 "GET /static/debug_toolbar/js/toolbar.js HTTP/1.1" 200 13578
INFO 2025-05-15 01:44:03,095 basehttp 56770 6375518208 "GET /static/img/vivacrm-logo.png HTTP/1.1" 200 12963
INFO 2025-05-15 01:44:03,096 basehttp 56770 6409170944 "GET /static/js/dist/main.js HTTP/1.1" 200 5073
INFO 2025-05-15 01:44:03,097 basehttp 56770 6392344576 "GET /static/debug_toolbar/css/toolbar.css HTTP/1.1" 200 12621
INFO 2025-05-15 01:44:03,099 basehttp 56770 6341865472 "GET /static/css/dist/main.css HTTP/1.1" 200 164838
INFO 2025-05-15 01:44:03,100 basehttp 56770 6325039104 "GET /static/js/lib/htmx.min.js HTTP/1.1" 200 47755
INFO 2025-05-15 01:44:03,101 basehttp 56770 6375518208 "GET /static/js/lib/alpine.min.js HTTP/1.1" 200 43838
INFO 2025-05-15 01:44:03,356 basehttp 56770 6375518208 "GET /static/debug_toolbar/css/print.css HTTP/1.1" 200 43
INFO 2025-05-15 01:44:03,361 basehttp 56770 6375518208 "GET /static/debug_toolbar/js/utils.js HTTP/1.1" 200 4527
INFO 2025-05-15 01:44:03,381 basehttp 56770 6375518208 "GET /static/img/favicon.ico HTTP/1.1" 200 4534
INFO 2025-05-15 01:44:09,221 basehttp 56770 6375518208 "GET /products/categories/ HTTP/1.1" 200 34667
ERROR 2025-05-15 01:44:11,126 basehttp 56770 6375518208 "GET /reports/ HTTP/1.1" 500 103097
WARNING 2025-05-15 01:44:11,198 basehttp 56770 6375518208 "GET /favicon.ico HTTP/1.1" 404 13449
INFO 2025-05-15 01:44:17,426 basehttp 56770 6375518208 "GET /dashboard/ HTTP/1.1" 200 41851
INFO 2025-05-15 01:44:18,684 basehttp 56770 6375518208 "GET /dashboard/ HTTP/1.1" 200 41851
INFO 2025-05-15 01:44:21,268 basehttp 56770 6375518208 "GET /accounts/~update/ HTTP/1.1" 200 23830
INFO 2025-05-15 01:44:21,293 basehttp 56770 6325039104 "GET /static/img/logo-light.svg HTTP/1.1" 304 0
WARNING 2025-05-15 01:44:21,309 basehttp 56770 6375518208 "GET /accounts/~update/images/default-avatar.png HTTP/1.1" 404 15999
INFO 2025-05-15 01:44:22,759 basehttp 56770 6375518208 "GET /dashboard/ HTTP/1.1" 200 41851
INFO 2025-05-15 01:44:35,028 basehttp 56770 6375518208 "GET /dashboard/ HTTP/1.1" 200 41851
INFO 2025-05-15 01:44:43,164 basehttp 56770 6375518208 "GET /accounts/~update/ HTTP/1.1" 200 23830
WARNING 2025-05-15 01:44:43,207 basehttp 56770 6375518208 "GET /accounts/~update/images/default-avatar.png HTTP/1.1" 404 15999
INFO 2025-05-15 01:44:44,898 basehttp 56770 6375518208 "GET /dashboard/ HTTP/1.1" 200 41851
INFO 2025-05-15 01:44:58,682 basehttp 56770 6375518208 "GET /dashboard/ HTTP/1.1" 200 41851
ERROR 2025-05-15 01:44:59,344 basehttp 56770 6375518208 "GET /customers/ HTTP/1.1" 500 254582
INFO 2025-05-15 01:46:38,876 basehttp 56770 6375518208 "GET /customers/ HTTP/1.1" 200 39539
INFO 2025-05-15 01:46:38,910 basehttp 56770 6341865472 "GET /static/js/dist/main.js HTTP/1.1" 200 5073
INFO 2025-05-15 01:46:38,912 basehttp 56770 6325039104 "GET /static/img/vivacrm-logo.png HTTP/1.1" 200 12963
INFO 2025-05-15 01:46:38,914 basehttp 56770 6392344576 "GET /static/css/viva-design-system.css HTTP/1.1" 200 7742
INFO 2025-05-15 01:46:38,916 basehttp 56770 6358691840 "GET /static/debug_toolbar/css/toolbar.css HTTP/1.1" 200 12621
INFO 2025-05-15 01:46:38,916 basehttp 56770 6409170944 "GET /static/debug_toolbar/js/toolbar.js HTTP/1.1" 200 13578
INFO 2025-05-15 01:46:38,917 basehttp 56770 6325039104 "GET /static/js/lib/alpine.min.js HTTP/1.1" 200 43838
INFO 2025-05-15 01:46:38,919 basehttp 56770 6375518208 "GET /static/css/dist/main.css HTTP/1.1" 200 164838
INFO 2025-05-15 01:46:38,922 basehttp 56770 6341865472 "GET /static/js/lib/htmx.min.js HTTP/1.1" 200 47755
INFO 2025-05-15 01:46:38,985 basehttp 56770 6341865472 "GET /static/debug_toolbar/css/print.css HTTP/1.1" 200 43
INFO 2025-05-15 01:46:39,013 basehttp 56770 6341865472 "GET /static/debug_toolbar/js/utils.js HTTP/1.1" 200 4527
INFO 2025-05-15 01:46:39,046 basehttp 56770 6341865472 "GET /static/img/favicon.ico HTTP/1.1" 200 4534
INFO 2025-05-15 01:50:55,185 basehttp 56770 6341865472 "GET /customers/ HTTP/1.1" 200 39539
INFO 2025-05-15 01:50:55,224 basehttp 56770 6358691840 "GET /static/js/dist/main.js HTTP/1.1" 200 5073
INFO 2025-05-15 01:50:55,226 basehttp 56770 6375518208 "GET /static/debug_toolbar/js/toolbar.js HTTP/1.1" 200 13578
INFO 2025-05-15 01:50:55,226 basehttp 56770 6341865472 "GET /static/css/viva-design-system.css HTTP/1.1" 200 7742
INFO 2025-05-15 01:50:55,227 basehttp 56770 6392344576 "GET /static/debug_toolbar/css/toolbar.css HTTP/1.1" 200 12621
INFO 2025-05-15 01:50:55,228 basehttp 56770 6409170944 "GET /static/img/vivacrm-logo.png HTTP/1.1" 200 12963
INFO 2025-05-15 01:50:55,231 basehttp 56770 6375518208 "GET /static/js/lib/htmx.min.js HTTP/1.1" 200 47755
INFO 2025-05-15 01:50:55,232 basehttp 56770 6325039104 "GET /static/css/dist/main.css HTTP/1.1" 200 164838
INFO 2025-05-15 01:50:55,233 basehttp 56770 6392344576 "GET /static/js/lib/alpine.min.js HTTP/1.1" 200 43838
INFO 2025-05-15 01:50:56,783 basehttp 56770 6392344576 "GET /products/ HTTP/1.1" 200 41699
